<?xml version="1.0" encoding="UTF-8"?>
<coverage generated="1675444146980" clover="3.2.0">
  <project timestamp="1675444146981" name="All files">
    <metrics statements="216" coveredstatements="121" conditionals="83" coveredconditionals="28" methods="68" coveredmethods="30" elements="367" coveredelements="179" complexity="0" loc="216" ncloc="216" packages="4" files="12" classes="12"/>
    <package name="helpers">
      <metrics statements="106" coveredstatements="37" conditionals="36" coveredconditionals="4" methods="34" coveredmethods="8"/>
      <file name="helpers.js" path="/Users/ThanhLy/Desktop/SEI2209/rpp2209-fec-photon/project-atelier/client/helpers/helpers.js">
        <metrics statements="106" coveredstatements="37" conditionals="36" coveredconditionals="4" methods="34" coveredmethods="8"/>
        <line num="1" count="3" type="stmt"/>
        <line num="3" count="3" type="stmt"/>
        <line num="4" count="3" type="stmt"/>
        <line num="23" count="3" type="stmt"/>
        <line num="25" count="0" type="stmt"/>
        <line num="27" count="0" type="cond" truecount="0" falsecount="2"/>
        <line num="28" count="0" type="stmt"/>
        <line num="30" count="0" type="cond" truecount="0" falsecount="2"/>
        <line num="31" count="0" type="stmt"/>
        <line num="35" count="0" type="stmt"/>
        <line num="38" count="0" type="stmt"/>
        <line num="46" count="3" type="stmt"/>
        <line num="48" count="7" type="stmt"/>
        <line num="50" count="7" type="cond" truecount="1" falsecount="1"/>
        <line num="51" count="0" type="stmt"/>
        <line num="56" count="7" type="stmt"/>
        <line num="59" count="7" type="stmt"/>
        <line num="67" count="3" type="stmt"/>
        <line num="69" count="7" type="stmt"/>
        <line num="71" count="7" type="cond" truecount="1" falsecount="1"/>
        <line num="72" count="0" type="stmt"/>
        <line num="77" count="7" type="stmt"/>
        <line num="80" count="7" type="stmt"/>
        <line num="88" count="3" type="stmt"/>
        <line num="90" count="1" type="stmt"/>
        <line num="92" count="1" type="cond" truecount="1" falsecount="1"/>
        <line num="93" count="0" type="stmt"/>
        <line num="98" count="1" type="stmt"/>
        <line num="101" count="1" type="stmt"/>
        <line num="113" count="3" type="stmt"/>
        <line num="115" count="0" type="stmt"/>
        <line num="117" count="0" type="cond" truecount="0" falsecount="2"/>
        <line num="118" count="0" type="stmt"/>
        <line num="123" count="0" type="stmt"/>
        <line num="126" count="0" type="stmt"/>
        <line num="133" count="3" type="stmt"/>
        <line num="135" count="7" type="stmt"/>
        <line num="137" count="7" type="cond" truecount="1" falsecount="1"/>
        <line num="138" count="0" type="stmt"/>
        <line num="143" count="7" type="stmt"/>
        <line num="146" count="7" type="stmt"/>
        <line num="167" count="3" type="stmt"/>
        <line num="169" count="0" type="stmt"/>
        <line num="171" count="0" type="stmt"/>
        <line num="174" count="0" type="stmt"/>
        <line num="181" count="3" type="stmt"/>
        <line num="183" count="0" type="stmt"/>
        <line num="184" count="0" type="cond" truecount="0" falsecount="2"/>
        <line num="185" count="0" type="stmt"/>
        <line num="188" count="0" type="stmt"/>
        <line num="191" count="0" type="stmt"/>
        <line num="199" count="3" type="stmt"/>
        <line num="201" count="0" type="stmt"/>
        <line num="202" count="0" type="cond" truecount="0" falsecount="2"/>
        <line num="203" count="0" type="stmt"/>
        <line num="206" count="0" type="stmt"/>
        <line num="209" count="0" type="stmt"/>
        <line num="220" count="3" type="cond" truecount="0" falsecount="2"/>
        <line num="222" count="0" type="stmt"/>
        <line num="223" count="0" type="cond" truecount="0" falsecount="2"/>
        <line num="224" count="0" type="stmt"/>
        <line num="227" count="0" type="stmt"/>
        <line num="230" count="0" type="stmt"/>
        <line num="237" count="3" type="stmt"/>
        <line num="239" count="0" type="stmt"/>
        <line num="240" count="0" type="cond" truecount="0" falsecount="2"/>
        <line num="241" count="0" type="stmt"/>
        <line num="244" count="0" type="stmt"/>
        <line num="247" count="0" type="stmt"/>
        <line num="262" count="3" type="stmt"/>
        <line num="264" count="0" type="stmt"/>
        <line num="265" count="0" type="cond" truecount="0" falsecount="2"/>
        <line num="266" count="0" type="stmt"/>
        <line num="269" count="0" type="stmt"/>
        <line num="272" count="0" type="stmt"/>
        <line num="288" count="3" type="stmt"/>
        <line num="290" count="0" type="stmt"/>
        <line num="291" count="0" type="cond" truecount="0" falsecount="2"/>
        <line num="292" count="0" type="stmt"/>
        <line num="295" count="0" type="stmt"/>
        <line num="298" count="0" type="stmt"/>
        <line num="305" count="3" type="stmt"/>
        <line num="307" count="0" type="stmt"/>
        <line num="308" count="0" type="cond" truecount="0" falsecount="2"/>
        <line num="309" count="0" type="stmt"/>
        <line num="312" count="0" type="stmt"/>
        <line num="315" count="0" type="stmt"/>
        <line num="322" count="3" type="stmt"/>
        <line num="324" count="0" type="stmt"/>
        <line num="325" count="0" type="cond" truecount="0" falsecount="2"/>
        <line num="326" count="0" type="stmt"/>
        <line num="329" count="0" type="stmt"/>
        <line num="332" count="0" type="stmt"/>
        <line num="339" count="3" type="stmt"/>
        <line num="341" count="0" type="stmt"/>
        <line num="342" count="0" type="cond" truecount="0" falsecount="2"/>
        <line num="343" count="0" type="stmt"/>
        <line num="346" count="0" type="stmt"/>
        <line num="349" count="0" type="stmt"/>
        <line num="356" count="3" type="stmt"/>
        <line num="358" count="0" type="stmt"/>
        <line num="359" count="0" type="cond" truecount="0" falsecount="2"/>
        <line num="360" count="0" type="stmt"/>
        <line num="363" count="0" type="stmt"/>
        <line num="366" count="0" type="stmt"/>
        <line num="374" count="3" type="stmt"/>
      </file>
    </package>
    <package name="src.RatingsAndReviews.components.miniComponents">
      <metrics statements="24" coveredstatements="19" conditionals="18" coveredconditionals="10" methods="4" coveredmethods="4"/>
      <file name="PrintStar.jsx" path="/Users/ThanhLy/Desktop/SEI2209/rpp2209-fec-photon/project-atelier/client/src/RatingsAndReviews/components/miniComponents/PrintStar.jsx">
        <metrics statements="10" coveredstatements="8" conditionals="10" coveredconditionals="7" methods="1" coveredmethods="1"/>
        <line num="5" count="25" type="cond" truecount="2" falsecount="0"/>
        <line num="6" count="10" type="stmt"/>
        <line num="9" count="15" type="cond" truecount="1" falsecount="1"/>
        <line num="10" count="0" type="stmt"/>
        <line num="13" count="15" type="cond" truecount="2" falsecount="0"/>
        <line num="14" count="5" type="stmt"/>
        <line num="17" count="10" type="cond" truecount="1" falsecount="1"/>
        <line num="18" count="0" type="stmt"/>
        <line num="21" count="10" type="cond" truecount="1" falsecount="1"/>
        <line num="22" count="10" type="stmt"/>
      </file>
      <file name="StarRating.jsx" path="/Users/ThanhLy/Desktop/SEI2209/rpp2209-fec-photon/project-atelier/client/src/RatingsAndReviews/components/miniComponents/StarRating.jsx">
        <metrics statements="14" coveredstatements="11" conditionals="8" coveredconditionals="3" methods="3" coveredmethods="3"/>
        <line num="6" count="5" type="stmt"/>
        <line num="7" count="5" type="stmt"/>
        <line num="9" count="5" type="stmt"/>
        <line num="10" count="10" type="stmt"/>
        <line num="13" count="5" type="cond" truecount="1" falsecount="1"/>
        <line num="14" count="5" type="cond" truecount="1" falsecount="1"/>
        <line num="15" count="0" type="stmt"/>
        <line num="16" count="5" type="cond" truecount="1" falsecount="1"/>
        <line num="17" count="5" type="stmt"/>
        <line num="18" count="0" type="cond" truecount="0" falsecount="2"/>
        <line num="19" count="0" type="stmt"/>
        <line num="23" count="5" type="stmt"/>
        <line num="27" count="5" type="stmt"/>
        <line num="30" count="25" type="stmt"/>
      </file>
    </package>
    <package name="src.components.relatedItems">
      <metrics statements="55" coveredstatements="36" conditionals="18" coveredconditionals="4" methods="23" coveredmethods="13"/>
      <file name="Card.jsx" path="/Users/ThanhLy/Desktop/SEI2209/rpp2209-fec-photon/project-atelier/client/src/components/relatedItems/Card.jsx">
        <metrics statements="27" coveredstatements="23" conditionals="4" coveredconditionals="3" methods="11" coveredmethods="8"/>
        <line num="8" count="3" type="stmt"/>
        <line num="10" count="12" type="stmt"/>
        <line num="12" count="12" type="stmt"/>
        <line num="13" count="12" type="stmt"/>
        <line num="14" count="12" type="stmt"/>
        <line num="17" count="12" type="stmt"/>
        <line num="18" count="7" type="stmt"/>
        <line num="20" count="7" type="stmt"/>
        <line num="21" count="7" type="stmt"/>
        <line num="22" count="7" type="cond" truecount="1" falsecount="1"/>
        <line num="23" count="7" type="stmt"/>
        <line num="24" count="7" type="stmt"/>
        <line num="27" count="0" type="stmt"/>
        <line num="30" count="0" type="stmt"/>
        <line num="34" count="12" type="stmt"/>
        <line num="35" count="7" type="stmt"/>
        <line num="37" count="7" type="stmt"/>
        <line num="40" count="0" type="stmt"/>
        <line num="44" count="12" type="stmt"/>
        <line num="45" count="7" type="stmt"/>
        <line num="47" count="7" type="stmt"/>
        <line num="50" count="0" type="stmt"/>
        <line num="54" count="12" type="stmt"/>
        <line num="55" count="7" type="stmt"/>
        <line num="56" count="7" type="stmt"/>
        <line num="57" count="7" type="stmt"/>
        <line num="60" count="12" type="stmt"/>
      </file>
      <file name="Carousel.jsx" path="/Users/ThanhLy/Desktop/SEI2209/rpp2209-fec-photon/project-atelier/client/src/components/relatedItems/Carousel.jsx">
        <metrics statements="13" coveredstatements="1" conditionals="12" coveredconditionals="0" methods="4" coveredmethods="0"/>
        <line num="3" count="2" type="stmt"/>
        <line num="5" count="0" type="stmt"/>
        <line num="6" count="0" type="stmt"/>
        <line num="7" count="0" type="stmt"/>
        <line num="9" count="0" type="stmt"/>
        <line num="10" count="0" type="cond" truecount="0" falsecount="2"/>
        <line num="11" count="0" type="stmt"/>
        <line num="15" count="0" type="stmt"/>
        <line num="16" count="0" type="cond" truecount="0" falsecount="2"/>
        <line num="17" count="0" type="stmt"/>
        <line num="21" count="0" type="stmt"/>
        <line num="30" count="0" type="cond" truecount="0" falsecount="4"/>
        <line num="31" count="0" type="stmt"/>
      </file>
      <file name="RelatedProducts.jsx" path="/Users/ThanhLy/Desktop/SEI2209/rpp2209-fec-photon/project-atelier/client/src/components/relatedItems/RelatedProducts.jsx">
        <metrics statements="11" coveredstatements="9" conditionals="2" coveredconditionals="1" methods="6" coveredmethods="4"/>
        <line num="7" count="2" type="stmt"/>
        <line num="10" count="1" type="cond" truecount="1" falsecount="1"/>
        <line num="12" count="1" type="stmt"/>
        <line num="14" count="1" type="stmt"/>
        <line num="15" count="1" type="stmt"/>
        <line num="17" count="1" type="stmt"/>
        <line num="20" count="0" type="stmt"/>
        <line num="24" count="1" type="stmt"/>
        <line num="25" count="1" type="stmt"/>
        <line num="28" count="1" type="stmt"/>
        <line num="32" count="0" type="stmt"/>
      </file>
      <file name="YourOutfit.jsx" path="/Users/ThanhLy/Desktop/SEI2209/rpp2209-fec-photon/project-atelier/client/src/components/relatedItems/YourOutfit.jsx">
        <metrics statements="4" coveredstatements="3" conditionals="0" coveredconditionals="0" methods="2" coveredmethods="1"/>
        <line num="6" count="1" type="stmt"/>
        <line num="8" count="1" type="stmt"/>
        <line num="12" count="1" type="stmt"/>
        <line num="17" count="0" type="stmt"/>
      </file>
    </package>
    <package name="src.components.relatedItems.subComponents">
      <metrics statements="31" coveredstatements="29" conditionals="11" coveredconditionals="10" methods="7" coveredmethods="5"/>
      <file name="CardButton.jsx" path="/Users/ThanhLy/Desktop/SEI2209/rpp2209-fec-photon/project-atelier/client/src/components/relatedItems/subComponents/CardButton.jsx">
        <metrics statements="9" coveredstatements="7" conditionals="3" coveredconditionals="3" methods="3" coveredmethods="1"/>
        <line num="5" count="3" type="stmt"/>
        <line num="7" count="12" type="cond" truecount="1" falsecount="0"/>
        <line num="9" count="12" type="stmt"/>
        <line num="10" count="0" type="stmt"/>
        <line num="13" count="12" type="stmt"/>
        <line num="14" count="0" type="stmt"/>
        <line num="17" count="12" type="cond" truecount="2" falsecount="0"/>
        <line num="18" count="11" type="stmt"/>
        <line num="22" count="1" type="stmt"/>
      </file>
      <file name="PlusCard.jsx" path="/Users/ThanhLy/Desktop/SEI2209/rpp2209-fec-photon/project-atelier/client/src/components/relatedItems/subComponents/PlusCard.jsx">
        <metrics statements="3" coveredstatements="3" conditionals="0" coveredconditionals="0" methods="1" coveredmethods="1"/>
        <line num="2" count="1" type="stmt"/>
        <line num="4" count="1" type="stmt"/>
        <line num="5" count="1" type="stmt"/>
      </file>
      <file name="Preview.jsx" path="/Users/ThanhLy/Desktop/SEI2209/rpp2209-fec-photon/project-atelier/client/src/components/relatedItems/subComponents/Preview.jsx">
        <metrics statements="6" coveredstatements="6" conditionals="6" coveredconditionals="5" methods="1" coveredmethods="1"/>
        <line num="3" count="3" type="stmt"/>
        <line num="5" count="12" type="stmt"/>
        <line num="6" count="12" type="stmt"/>
        <line num="8" count="12" type="cond" truecount="2" falsecount="0"/>
        <line num="9" count="5" type="cond" truecount="1" falsecount="1"/>
        <line num="12" count="12" type="stmt"/>
      </file>
      <file name="Price.jsx" path="/Users/ThanhLy/Desktop/SEI2209/rpp2209-fec-photon/project-atelier/client/src/components/relatedItems/subComponents/Price.jsx">
        <metrics statements="5" coveredstatements="5" conditionals="2" coveredconditionals="2" methods="1" coveredmethods="1"/>
        <line num="3" count="3" type="stmt"/>
        <line num="4" count="12" type="stmt"/>
        <line num="6" count="12" type="cond" truecount="2" falsecount="0"/>
        <line num="7" count="3" type="stmt"/>
        <line num="14" count="9" type="stmt"/>
      </file>
      <file name="Rating.jsx" path="/Users/ThanhLy/Desktop/SEI2209/rpp2209-fec-photon/project-atelier/client/src/components/relatedItems/subComponents/Rating.jsx">
        <metrics statements="8" coveredstatements="8" conditionals="0" coveredconditionals="0" methods="1" coveredmethods="1"/>
        <line num="4" count="3" type="stmt"/>
        <line num="6" count="5" type="stmt"/>
        <line num="7" count="5" type="stmt"/>
        <line num="8" count="5" type="stmt"/>
        <line num="9" count="25" type="stmt"/>
        <line num="10" count="25" type="stmt"/>
        <line num="13" count="5" type="stmt"/>
        <line num="15" count="5" type="stmt"/>
      </file>
    </package>
  </project>
</coverage>
