<?xml version="1.0" encoding="UTF-8"?>
<coverage generated="1674942723034" clover="3.2.0">
  <project timestamp="1674942723034" name="All files">
    <metrics statements="237" coveredstatements="145" conditionals="72" coveredconditionals="30" methods="96" coveredmethods="52" elements="405" coveredelements="227" complexity="0" loc="237" ncloc="237" packages="6" files="17" classes="17"/>
    <package name="helpers">
      <metrics statements="106" coveredstatements="59" conditionals="36" coveredconditionals="16" methods="34" coveredmethods="16"/>
      <file name="helpers.js" path="/Users/ThanhLy/Desktop/SEI2209/rpp2209-fec-photon/project-atelier/client/helpers/helpers.js">
        <metrics statements="106" coveredstatements="59" conditionals="36" coveredconditionals="16" methods="34" coveredmethods="16"/>
        <line num="1" count="6" type="stmt"/>
        <line num="3" count="6" type="stmt"/>
        <line num="4" count="6" type="stmt"/>
        <line num="23" count="6" type="stmt"/>
        <line num="25" count="2" type="stmt"/>
        <line num="27" count="2" type="cond" truecount="2" falsecount="0"/>
        <line num="28" count="1" type="stmt"/>
        <line num="30" count="2" type="cond" truecount="2" falsecount="0"/>
        <line num="31" count="1" type="stmt"/>
        <line num="35" count="2" type="stmt"/>
        <line num="38" count="2" type="stmt"/>
        <line num="46" count="6" type="stmt"/>
        <line num="48" count="4" type="stmt"/>
        <line num="50" count="4" type="cond" truecount="2" falsecount="0"/>
        <line num="51" count="1" type="stmt"/>
        <line num="56" count="3" type="stmt"/>
        <line num="59" count="3" type="stmt"/>
        <line num="67" count="6" type="stmt"/>
        <line num="69" count="2" type="stmt"/>
        <line num="71" count="2" type="cond" truecount="1" falsecount="1"/>
        <line num="72" count="0" type="stmt"/>
        <line num="77" count="2" type="stmt"/>
        <line num="80" count="2" type="stmt"/>
        <line num="88" count="6" type="stmt"/>
        <line num="90" count="2" type="stmt"/>
        <line num="92" count="2" type="cond" truecount="1" falsecount="1"/>
        <line num="93" count="0" type="stmt"/>
        <line num="98" count="2" type="stmt"/>
        <line num="101" count="2" type="stmt"/>
        <line num="113" count="6" type="stmt"/>
        <line num="115" count="2" type="stmt"/>
        <line num="117" count="2" type="cond" truecount="2" falsecount="0"/>
        <line num="118" count="1" type="stmt"/>
        <line num="123" count="1" type="stmt"/>
        <line num="126" count="1" type="stmt"/>
        <line num="133" count="6" type="stmt"/>
        <line num="135" count="3" type="stmt"/>
        <line num="137" count="3" type="cond" truecount="1" falsecount="1"/>
        <line num="138" count="0" type="stmt"/>
        <line num="143" count="3" type="stmt"/>
        <line num="146" count="3" type="stmt"/>
        <line num="167" count="6" type="stmt"/>
        <line num="169" count="0" type="stmt"/>
        <line num="171" count="0" type="stmt"/>
        <line num="174" count="0" type="stmt"/>
        <line num="181" count="6" type="stmt"/>
        <line num="183" count="0" type="stmt"/>
        <line num="184" count="0" type="cond" truecount="0" falsecount="2"/>
        <line num="185" count="0" type="stmt"/>
        <line num="188" count="0" type="stmt"/>
        <line num="191" count="0" type="stmt"/>
        <line num="199" count="6" type="stmt"/>
        <line num="201" count="0" type="stmt"/>
        <line num="202" count="0" type="cond" truecount="0" falsecount="2"/>
        <line num="203" count="0" type="stmt"/>
        <line num="206" count="0" type="stmt"/>
        <line num="209" count="0" type="stmt"/>
        <line num="220" count="6" type="cond" truecount="2" falsecount="0"/>
        <line num="222" count="2" type="stmt"/>
        <line num="223" count="2" type="cond" truecount="2" falsecount="0"/>
        <line num="224" count="1" type="stmt"/>
        <line num="227" count="1" type="stmt"/>
        <line num="230" count="1" type="stmt"/>
        <line num="237" count="6" type="stmt"/>
        <line num="239" count="1" type="stmt"/>
        <line num="240" count="1" type="cond" truecount="1" falsecount="1"/>
        <line num="241" count="0" type="stmt"/>
        <line num="244" count="1" type="stmt"/>
        <line num="247" count="1" type="stmt"/>
        <line num="262" count="6" type="stmt"/>
        <line num="264" count="0" type="stmt"/>
        <line num="265" count="0" type="cond" truecount="0" falsecount="2"/>
        <line num="266" count="0" type="stmt"/>
        <line num="269" count="0" type="stmt"/>
        <line num="272" count="0" type="stmt"/>
        <line num="288" count="6" type="stmt"/>
        <line num="290" count="0" type="stmt"/>
        <line num="291" count="0" type="cond" truecount="0" falsecount="2"/>
        <line num="292" count="0" type="stmt"/>
        <line num="295" count="0" type="stmt"/>
        <line num="298" count="0" type="stmt"/>
        <line num="305" count="6" type="stmt"/>
        <line num="307" count="0" type="stmt"/>
        <line num="308" count="0" type="cond" truecount="0" falsecount="2"/>
        <line num="309" count="0" type="stmt"/>
        <line num="312" count="0" type="stmt"/>
        <line num="315" count="0" type="stmt"/>
        <line num="322" count="6" type="stmt"/>
        <line num="324" count="0" type="stmt"/>
        <line num="325" count="0" type="cond" truecount="0" falsecount="2"/>
        <line num="326" count="0" type="stmt"/>
        <line num="329" count="0" type="stmt"/>
        <line num="332" count="0" type="stmt"/>
        <line num="339" count="6" type="stmt"/>
        <line num="341" count="0" type="stmt"/>
        <line num="342" count="0" type="cond" truecount="0" falsecount="2"/>
        <line num="343" count="0" type="stmt"/>
        <line num="346" count="0" type="stmt"/>
        <line num="349" count="0" type="stmt"/>
        <line num="356" count="6" type="stmt"/>
        <line num="358" count="0" type="stmt"/>
        <line num="359" count="0" type="cond" truecount="0" falsecount="2"/>
        <line num="360" count="0" type="stmt"/>
        <line num="363" count="0" type="stmt"/>
        <line num="366" count="0" type="stmt"/>
        <line num="374" count="6" type="stmt"/>
      </file>
    </package>
    <package name="src.RatingsAndReviews">
      <metrics statements="9" coveredstatements="7" conditionals="2" coveredconditionals="2" methods="4" coveredmethods="2"/>
      <file name="RatingsAndReviews.jsx" path="/Users/ThanhLy/Desktop/SEI2209/rpp2209-fec-photon/project-atelier/client/src/RatingsAndReviews/RatingsAndReviews.jsx">
        <metrics statements="9" coveredstatements="7" conditionals="2" coveredconditionals="2" methods="4" coveredmethods="2"/>
        <line num="9" count="1" type="stmt"/>
        <line num="85" count="1" type="stmt"/>
        <line num="86" count="0" type="stmt"/>
        <line num="89" count="1" type="stmt"/>
        <line num="90" count="1" type="stmt"/>
        <line num="91" count="1" type="stmt"/>
        <line num="101" count="5" type="cond" truecount="2" falsecount="0"/>
        <line num="102" count="2" type="stmt"/>
        <line num="111" count="0" type="stmt"/>
      </file>
    </package>
    <package name="src.RatingsAndReviews.components">
      <metrics statements="5" coveredstatements="3" conditionals="2" coveredconditionals="1" methods="4" coveredmethods="3"/>
      <file name="NewReviewWindow.jsx" path="/Users/ThanhLy/Desktop/SEI2209/rpp2209-fec-photon/project-atelier/client/src/RatingsAndReviews/components/NewReviewWindow.jsx">
        <metrics statements="3" coveredstatements="1" conditionals="2" coveredconditionals="1" methods="2" coveredmethods="1"/>
        <line num="5" count="1" type="cond" truecount="1" falsecount="1"/>
        <line num="7" count="0" type="stmt"/>
        <line num="13" count="0" type="stmt"/>
      </file>
      <file name="ReviewTile.jsx" path="/Users/ThanhLy/Desktop/SEI2209/rpp2209-fec-photon/project-atelier/client/src/RatingsAndReviews/components/ReviewTile.jsx">
        <metrics statements="1" coveredstatements="1" conditionals="0" coveredconditionals="0" methods="1" coveredmethods="1"/>
        <line num="9" count="2" type="stmt"/>
      </file>
      <file name="SortReviews.jsx" path="/Users/ThanhLy/Desktop/SEI2209/rpp2209-fec-photon/project-atelier/client/src/RatingsAndReviews/components/SortReviews.jsx">
        <metrics statements="1" coveredstatements="1" conditionals="0" coveredconditionals="0" methods="1" coveredmethods="1"/>
        <line num="4" count="1" type="stmt"/>
      </file>
    </package>
    <package name="src.RatingsAndReviews.components.miniComponents">
      <metrics statements="7" coveredstatements="6" conditionals="0" coveredconditionals="0" methods="3" coveredmethods="2"/>
      <file name="ReviewDate.jsx" path="/Users/ThanhLy/Desktop/SEI2209/rpp2209-fec-photon/project-atelier/client/src/RatingsAndReviews/components/miniComponents/ReviewDate.jsx">
        <metrics statements="5" coveredstatements="5" conditionals="0" coveredconditionals="0" methods="1" coveredmethods="1"/>
        <line num="5" count="2" type="stmt"/>
        <line num="6" count="2" type="stmt"/>
        <line num="7" count="2" type="stmt"/>
        <line num="8" count="2" type="stmt"/>
        <line num="9" count="2" type="stmt"/>
      </file>
      <file name="ReviewImages.jsx" path="/Users/ThanhLy/Desktop/SEI2209/rpp2209-fec-photon/project-atelier/client/src/RatingsAndReviews/components/miniComponents/ReviewImages.jsx">
        <metrics statements="2" coveredstatements="1" conditionals="0" coveredconditionals="0" methods="2" coveredmethods="1"/>
        <line num="4" count="2" type="stmt"/>
        <line num="9" count="0" type="stmt"/>
      </file>
    </package>
    <package name="src.components.overview">
      <metrics statements="56" coveredstatements="28" conditionals="12" coveredconditionals="3" methods="28" coveredmethods="15"/>
      <file name="AddtoCart.jsx" path="/Users/ThanhLy/Desktop/SEI2209/rpp2209-fec-photon/project-atelier/client/src/components/overview/AddtoCart.jsx">
        <metrics statements="17" coveredstatements="7" conditionals="4" coveredconditionals="1" methods="7" coveredmethods="3"/>
        <line num="6" count="1" type="stmt"/>
        <line num="7" count="1" type="stmt"/>
        <line num="13" count="1" type="stmt"/>
        <line num="14" count="0" type="stmt"/>
        <line num="15" count="0" type="stmt"/>
        <line num="16" count="0" type="cond" truecount="0" falsecount="2"/>
        <line num="17" count="0" type="stmt"/>
        <line num="18" count="0" type="stmt"/>
        <line num="20" count="0" type="stmt"/>
        <line num="23" count="0" type="stmt"/>
        <line num="29" count="1" type="stmt"/>
        <line num="30" count="0" type="stmt"/>
        <line num="36" count="1" type="stmt"/>
        <line num="37" count="0" type="stmt"/>
        <line num="40" count="1" type="stmt"/>
        <line num="43" count="2" type="stmt"/>
        <line num="47" count="0" type="stmt"/>
      </file>
      <file name="ImageGallery.jsx" path="/Users/ThanhLy/Desktop/SEI2209/rpp2209-fec-photon/project-atelier/client/src/components/overview/ImageGallery.jsx">
        <metrics statements="8" coveredstatements="4" conditionals="2" coveredconditionals="0" methods="5" coveredmethods="2"/>
        <line num="5" count="1" type="stmt"/>
        <line num="6" count="1" type="stmt"/>
        <line num="12" count="0" type="cond" truecount="0" falsecount="2"/>
        <line num="13" count="0" type="stmt"/>
        <line num="19" count="1" type="stmt"/>
        <line num="20" count="0" type="stmt"/>
        <line num="26" count="1" type="stmt"/>
        <line num="28" count="0" type="stmt"/>
      </file>
      <file name="ProductInfo.jsx" path="/Users/ThanhLy/Desktop/SEI2209/rpp2209-fec-photon/project-atelier/client/src/components/overview/ProductInfo.jsx">
        <metrics statements="18" coveredstatements="7" conditionals="6" coveredconditionals="2" methods="7" coveredmethods="3"/>
        <line num="5" count="1" type="stmt"/>
        <line num="6" count="1" type="stmt"/>
        <line num="15" count="1" type="stmt"/>
        <line num="16" count="0" type="stmt"/>
        <line num="17" count="0" type="cond" truecount="0" falsecount="2"/>
        <line num="18" count="0" type="stmt"/>
        <line num="19" count="0" type="stmt"/>
        <line num="20" count="0" type="stmt"/>
        <line num="21" count="0" type="stmt"/>
        <line num="23" count="0" type="stmt"/>
        <line num="24" count="0" type="stmt"/>
        <line num="31" count="1" type="stmt"/>
        <line num="32" count="0" type="stmt"/>
        <line num="37" count="1" type="stmt"/>
        <line num="38" count="0" type="stmt"/>
        <line num="40" count="1" type="stmt"/>
        <line num="41" count="0" type="stmt"/>
        <line num="44" count="1" type="stmt"/>
      </file>
      <file name="Skuscontrol.jsx" path="/Users/ThanhLy/Desktop/SEI2209/rpp2209-fec-photon/project-atelier/client/src/components/overview/Skuscontrol.jsx">
        <metrics statements="4" coveredstatements="3" conditionals="0" coveredconditionals="0" methods="3" coveredmethods="2"/>
        <line num="5" count="2" type="stmt"/>
        <line num="8" count="2" type="stmt"/>
        <line num="9" count="0" type="stmt"/>
        <line num="13" count="2" type="stmt"/>
      </file>
      <file name="Style.jsx" path="/Users/ThanhLy/Desktop/SEI2209/rpp2209-fec-photon/project-atelier/client/src/components/overview/Style.jsx">
        <metrics statements="6" coveredstatements="4" conditionals="0" coveredconditionals="0" methods="3" coveredmethods="2"/>
        <line num="5" count="2" type="stmt"/>
        <line num="6" count="2" type="stmt"/>
        <line num="10" count="2" type="stmt"/>
        <line num="11" count="0" type="stmt"/>
        <line num="12" count="0" type="stmt"/>
        <line num="16" count="2" type="stmt"/>
      </file>
      <file name="Styleselector.jsx" path="/Users/ThanhLy/Desktop/SEI2209/rpp2209-fec-photon/project-atelier/client/src/components/overview/Styleselector.jsx">
        <metrics statements="3" coveredstatements="3" conditionals="0" coveredconditionals="0" methods="3" coveredmethods="3"/>
        <line num="6" count="1" type="stmt"/>
        <line num="11" count="1" type="stmt"/>
        <line num="14" count="1" type="stmt"/>
      </file>
    </package>
    <package name="src.components.relatedItems">
      <metrics statements="54" coveredstatements="42" conditionals="20" coveredconditionals="8" methods="23" coveredmethods="14"/>
      <file name="Card.jsx" path="/Users/ThanhLy/Desktop/SEI2209/rpp2209-fec-photon/project-atelier/client/src/components/relatedItems/Card.jsx">
        <metrics statements="25" coveredstatements="22" conditionals="6" coveredconditionals="5" methods="11" coveredmethods="8"/>
        <line num="4" count="3" type="stmt"/>
        <line num="6" count="2" type="stmt"/>
        <line num="8" count="2" type="stmt"/>
        <line num="9" count="2" type="stmt"/>
        <line num="10" count="2" type="stmt"/>
        <line num="12" count="2" type="stmt"/>
        <line num="13" count="1" type="stmt"/>
        <line num="15" count="1" type="stmt"/>
        <line num="16" count="1" type="stmt"/>
        <line num="17" count="1" type="cond" truecount="1" falsecount="1"/>
        <line num="18" count="1" type="stmt"/>
        <line num="23" count="0" type="stmt"/>
        <line num="27" count="2" type="stmt"/>
        <line num="28" count="1" type="stmt"/>
        <line num="30" count="1" type="stmt"/>
        <line num="33" count="0" type="stmt"/>
        <line num="37" count="2" type="stmt"/>
        <line num="38" count="1" type="stmt"/>
        <line num="40" count="1" type="stmt"/>
        <line num="43" count="0" type="stmt"/>
        <line num="47" count="2" type="stmt"/>
        <line num="48" count="1" type="stmt"/>
        <line num="49" count="1" type="stmt"/>
        <line num="50" count="1" type="stmt"/>
        <line num="53" count="2" type="stmt"/>
      </file>
      <file name="Carousel.jsx" path="/Users/ThanhLy/Desktop/SEI2209/rpp2209-fec-photon/project-atelier/client/src/components/relatedItems/Carousel.jsx">
        <metrics statements="13" coveredstatements="7" conditionals="12" coveredconditionals="2" methods="4" coveredmethods="1"/>
        <line num="3" count="2" type="stmt"/>
        <line num="5" count="1" type="stmt"/>
        <line num="6" count="1" type="stmt"/>
        <line num="7" count="1" type="stmt"/>
        <line num="9" count="1" type="stmt"/>
        <line num="10" count="0" type="cond" truecount="0" falsecount="2"/>
        <line num="11" count="0" type="stmt"/>
        <line num="15" count="1" type="stmt"/>
        <line num="16" count="0" type="cond" truecount="0" falsecount="2"/>
        <line num="17" count="0" type="stmt"/>
        <line num="21" count="1" type="stmt"/>
        <line num="30" count="0" type="cond" truecount="0" falsecount="4"/>
        <line num="31" count="0" type="stmt"/>
      </file>
      <file name="RelatedProducts.jsx" path="/Users/ThanhLy/Desktop/SEI2209/rpp2209-fec-photon/project-atelier/client/src/components/relatedItems/RelatedProducts.jsx">
        <metrics statements="11" coveredstatements="9" conditionals="2" coveredconditionals="1" methods="6" coveredmethods="4"/>
        <line num="7" count="2" type="stmt"/>
        <line num="10" count="1" type="cond" truecount="1" falsecount="1"/>
        <line num="12" count="1" type="stmt"/>
        <line num="14" count="1" type="stmt"/>
        <line num="15" count="1" type="stmt"/>
        <line num="17" count="1" type="stmt"/>
        <line num="20" count="0" type="stmt"/>
        <line num="24" count="1" type="stmt"/>
        <line num="25" count="1" type="stmt"/>
        <line num="28" count="1" type="stmt"/>
        <line num="32" count="0" type="stmt"/>
      </file>
      <file name="YourOutfit.jsx" path="/Users/ThanhLy/Desktop/SEI2209/rpp2209-fec-photon/project-atelier/client/src/components/relatedItems/YourOutfit.jsx">
        <metrics statements="5" coveredstatements="4" conditionals="0" coveredconditionals="0" methods="2" coveredmethods="1"/>
        <line num="4" count="1" type="stmt"/>
        <line num="6" count="1" type="stmt"/>
        <line num="8" count="1" type="stmt"/>
        <line num="12" count="1" type="stmt"/>
        <line num="17" count="0" type="stmt"/>
      </file>
    </package>
  </project>
</coverage>
