{"/Users/ThanhLy/Desktop/SEI2209/rpp2209-fec-photon/project-atelier/client/helpers/helpers.js": {"path":"/Users/ThanhLy/Desktop/SEI2209/rpp2209-fec-photon/project-atelier/client/helpers/helpers.js","statementMap":{"0":{"start":{"line":1,"column":14},"end":{"line":1,"column":30}},"1":{"start":{"line":3,"column":14},"end":{"line":3,"column":16}},"2":{"start":{"line":4,"column":10},"end":{"line":4,"column":34}},"3":{"start":{"line":23,"column":0},"end":{"line":42,"column":1}},"4":{"start":{"line":25,"column":2},"end":{"line":41,"column":4}},"5":{"start":{"line":27,"column":4},"end":{"line":29,"column":5}},"6":{"start":{"line":28,"column":6},"end":{"line":28,"column":15}},"7":{"start":{"line":30,"column":4},"end":{"line":32,"column":5}},"8":{"start":{"line":31,"column":6},"end":{"line":31,"column":16}},"9":{"start":{"line":35,"column":21},"end":{"line":35,"column":66}},"10":{"start":{"line":38,"column":4},"end":{"line":40,"column":19}},"11":{"start":{"line":46,"column":0},"end":{"line":64,"column":1}},"12":{"start":{"line":48,"column":2},"end":{"line":63,"column":4}},"13":{"start":{"line":50,"column":4},"end":{"line":62,"column":7}},"14":{"start":{"line":51,"column":6},"end":{"line":51,"column":38}},"15":{"start":{"line":56,"column":23},"end":{"line":56,"column":54}},"16":{"start":{"line":59,"column":6},"end":{"line":61,"column":21}},"17":{"start":{"line":67,"column":0},"end":{"line":85,"column":1}},"18":{"start":{"line":69,"column":2},"end":{"line":84,"column":4}},"19":{"start":{"line":71,"column":4},"end":{"line":83,"column":7}},"20":{"start":{"line":72,"column":6},"end":{"line":72,"column":38}},"21":{"start":{"line":77,"column":23},"end":{"line":77,"column":61}},"22":{"start":{"line":80,"column":6},"end":{"line":82,"column":21}},"23":{"start":{"line":88,"column":0},"end":{"line":106,"column":1}},"24":{"start":{"line":90,"column":2},"end":{"line":105,"column":4}},"25":{"start":{"line":92,"column":4},"end":{"line":104,"column":7}},"26":{"start":{"line":93,"column":6},"end":{"line":93,"column":38}},"27":{"start":{"line":98,"column":23},"end":{"line":98,"column":62}},"28":{"start":{"line":101,"column":6},"end":{"line":103,"column":21}},"29":{"start":{"line":113,"column":0},"end":{"line":131,"column":1}},"30":{"start":{"line":115,"column":2},"end":{"line":130,"column":4}},"31":{"start":{"line":117,"column":4},"end":{"line":129,"column":7}},"32":{"start":{"line":118,"column":6},"end":{"line":118,"column":38}},"33":{"start":{"line":123,"column":23},"end":{"line":123,"column":105}},"34":{"start":{"line":126,"column":6},"end":{"line":128,"column":21}},"35":{"start":{"line":133,"column":0},"end":{"line":151,"column":1}},"36":{"start":{"line":135,"column":2},"end":{"line":150,"column":4}},"37":{"start":{"line":137,"column":4},"end":{"line":149,"column":7}},"38":{"start":{"line":138,"column":6},"end":{"line":138,"column":38}},"39":{"start":{"line":143,"column":23},"end":{"line":143,"column":69}},"40":{"start":{"line":146,"column":6},"end":{"line":148,"column":21}},"41":{"start":{"line":167,"column":0},"end":{"line":179,"column":1}},"42":{"start":{"line":169,"column":2},"end":{"line":177,"column":5}},"43":{"start":{"line":171,"column":19},"end":{"line":171,"column":34}},"44":{"start":{"line":174,"column":2},"end":{"line":176,"column":17}},"45":{"start":{"line":181,"column":0},"end":{"line":197,"column":1}},"46":{"start":{"line":183,"column":2},"end":{"line":195,"column":5}},"47":{"start":{"line":184,"column":4},"end":{"line":194,"column":5}},"48":{"start":{"line":185,"column":6},"end":{"line":185,"column":39}},"49":{"start":{"line":188,"column":23},"end":{"line":188,"column":57}},"50":{"start":{"line":191,"column":6},"end":{"line":193,"column":21}},"51":{"start":{"line":199,"column":0},"end":{"line":214,"column":1}},"52":{"start":{"line":201,"column":2},"end":{"line":213,"column":5}},"53":{"start":{"line":202,"column":4},"end":{"line":212,"column":5}},"54":{"start":{"line":203,"column":6},"end":{"line":203,"column":38}},"55":{"start":{"line":206,"column":23},"end":{"line":206,"column":56}},"56":{"start":{"line":209,"column":6},"end":{"line":211,"column":21}},"57":{"start":{"line":220,"column":0},"end":{"line":235,"column":1}},"58":{"start":{"line":222,"column":2},"end":{"line":234,"column":5}},"59":{"start":{"line":223,"column":4},"end":{"line":233,"column":5}},"60":{"start":{"line":224,"column":6},"end":{"line":224,"column":39}},"61":{"start":{"line":227,"column":23},"end":{"line":227,"column":96}},"62":{"start":{"line":230,"column":6},"end":{"line":232,"column":21}},"63":{"start":{"line":237,"column":0},"end":{"line":252,"column":1}},"64":{"start":{"line":239,"column":2},"end":{"line":251,"column":5}},"65":{"start":{"line":240,"column":4},"end":{"line":250,"column":5}},"66":{"start":{"line":241,"column":6},"end":{"line":241,"column":40}},"67":{"start":{"line":244,"column":23},"end":{"line":244,"column":66}},"68":{"start":{"line":247,"column":6},"end":{"line":249,"column":21}},"69":{"start":{"line":262,"column":0},"end":{"line":277,"column":1}},"70":{"start":{"line":264,"column":2},"end":{"line":276,"column":5}},"71":{"start":{"line":265,"column":4},"end":{"line":275,"column":5}},"72":{"start":{"line":266,"column":6},"end":{"line":266,"column":37}},"73":{"start":{"line":269,"column":23},"end":{"line":269,"column":43}},"74":{"start":{"line":272,"column":6},"end":{"line":274,"column":21}},"75":{"start":{"line":288,"column":0},"end":{"line":303,"column":1}},"76":{"start":{"line":290,"column":2},"end":{"line":302,"column":5}},"77":{"start":{"line":291,"column":4},"end":{"line":301,"column":5}},"78":{"start":{"line":292,"column":6},"end":{"line":292,"column":35}},"79":{"start":{"line":295,"column":23},"end":{"line":295,"column":66}},"80":{"start":{"line":298,"column":6},"end":{"line":300,"column":21}},"81":{"start":{"line":305,"column":0},"end":{"line":320,"column":1}},"82":{"start":{"line":307,"column":2},"end":{"line":319,"column":5}},"83":{"start":{"line":308,"column":4},"end":{"line":318,"column":5}},"84":{"start":{"line":309,"column":6},"end":{"line":309,"column":40}},"85":{"start":{"line":312,"column":23},"end":{"line":312,"column":66}},"86":{"start":{"line":315,"column":6},"end":{"line":317,"column":21}},"87":{"start":{"line":322,"column":0},"end":{"line":337,"column":1}},"88":{"start":{"line":324,"column":2},"end":{"line":336,"column":5}},"89":{"start":{"line":325,"column":4},"end":{"line":335,"column":5}},"90":{"start":{"line":326,"column":6},"end":{"line":326,"column":40}},"91":{"start":{"line":329,"column":23},"end":{"line":329,"column":65}},"92":{"start":{"line":332,"column":6},"end":{"line":334,"column":21}},"93":{"start":{"line":339,"column":0},"end":{"line":354,"column":1}},"94":{"start":{"line":341,"column":2},"end":{"line":353,"column":5}},"95":{"start":{"line":342,"column":4},"end":{"line":352,"column":5}},"96":{"start":{"line":343,"column":6},"end":{"line":343,"column":38}},"97":{"start":{"line":346,"column":23},"end":{"line":346,"column":62}},"98":{"start":{"line":349,"column":6},"end":{"line":351,"column":21}},"99":{"start":{"line":356,"column":0},"end":{"line":371,"column":1}},"100":{"start":{"line":358,"column":2},"end":{"line":370,"column":5}},"101":{"start":{"line":359,"column":4},"end":{"line":369,"column":5}},"102":{"start":{"line":360,"column":6},"end":{"line":360,"column":38}},"103":{"start":{"line":363,"column":23},"end":{"line":363,"column":63}},"104":{"start":{"line":366,"column":6},"end":{"line":368,"column":21}},"105":{"start":{"line":374,"column":0},"end":{"line":374,"column":25}}},"fnMap":{"0":{"name":"(anonymous_0)","decl":{"start":{"line":23,"column":22},"end":{"line":23,"column":23}},"loc":{"start":{"line":23,"column":37},"end":{"line":42,"column":1}},"line":23},"1":{"name":"(anonymous_1)","decl":{"start":{"line":25,"column":22},"end":{"line":25,"column":23}},"loc":{"start":{"line":25,"column":41},"end":{"line":41,"column":3}},"line":25},"2":{"name":"(anonymous_2)","decl":{"start":{"line":46,"column":25},"end":{"line":46,"column":26}},"loc":{"start":{"line":46,"column":39},"end":{"line":64,"column":1}},"line":46},"3":{"name":"(anonymous_3)","decl":{"start":{"line":48,"column":22},"end":{"line":48,"column":23}},"loc":{"start":{"line":48,"column":41},"end":{"line":63,"column":3}},"line":48},"4":{"name":"(anonymous_4)","decl":{"start":{"line":67,"column":27},"end":{"line":67,"column":28}},"loc":{"start":{"line":67,"column":41},"end":{"line":85,"column":1}},"line":67},"5":{"name":"(anonymous_5)","decl":{"start":{"line":69,"column":22},"end":{"line":69,"column":23}},"loc":{"start":{"line":69,"column":41},"end":{"line":84,"column":3}},"line":69},"6":{"name":"(anonymous_6)","decl":{"start":{"line":88,"column":29},"end":{"line":88,"column":30}},"loc":{"start":{"line":88,"column":43},"end":{"line":106,"column":1}},"line":88},"7":{"name":"(anonymous_7)","decl":{"start":{"line":90,"column":22},"end":{"line":90,"column":23}},"loc":{"start":{"line":90,"column":41},"end":{"line":105,"column":3}},"line":90},"8":{"name":"(anonymous_8)","decl":{"start":{"line":113,"column":21},"end":{"line":113,"column":22}},"loc":{"start":{"line":113,"column":54},"end":{"line":131,"column":1}},"line":113},"9":{"name":"(anonymous_9)","decl":{"start":{"line":115,"column":22},"end":{"line":115,"column":23}},"loc":{"start":{"line":115,"column":41},"end":{"line":130,"column":3}},"line":115},"10":{"name":"(anonymous_10)","decl":{"start":{"line":133,"column":25},"end":{"line":133,"column":26}},"loc":{"start":{"line":133,"column":39},"end":{"line":151,"column":1}},"line":133},"11":{"name":"(anonymous_11)","decl":{"start":{"line":135,"column":22},"end":{"line":135,"column":23}},"loc":{"start":{"line":135,"column":41},"end":{"line":150,"column":3}},"line":135},"12":{"name":"(anonymous_12)","decl":{"start":{"line":167,"column":20},"end":{"line":167,"column":21}},"loc":{"start":{"line":167,"column":30},"end":{"line":179,"column":1}},"line":167},"13":{"name":"(anonymous_13)","decl":{"start":{"line":169,"column":22},"end":{"line":169,"column":23}},"loc":{"start":{"line":169,"column":41},"end":{"line":177,"column":3}},"line":169},"14":{"name":"(anonymous_14)","decl":{"start":{"line":181,"column":24},"end":{"line":181,"column":25}},"loc":{"start":{"line":181,"column":38},"end":{"line":197,"column":1}},"line":181},"15":{"name":"(anonymous_15)","decl":{"start":{"line":183,"column":22},"end":{"line":183,"column":23}},"loc":{"start":{"line":183,"column":41},"end":{"line":195,"column":3}},"line":183},"16":{"name":"(anonymous_16)","decl":{"start":{"line":199,"column":23},"end":{"line":199,"column":24}},"loc":{"start":{"line":199,"column":36},"end":{"line":214,"column":1}},"line":199},"17":{"name":"(anonymous_17)","decl":{"start":{"line":201,"column":22},"end":{"line":201,"column":23}},"loc":{"start":{"line":201,"column":42},"end":{"line":213,"column":3}},"line":201},"18":{"name":"(anonymous_18)","decl":{"start":{"line":220,"column":23},"end":{"line":220,"column":24}},"loc":{"start":{"line":220,"column":58},"end":{"line":235,"column":1}},"line":220},"19":{"name":"(anonymous_19)","decl":{"start":{"line":222,"column":22},"end":{"line":222,"column":23}},"loc":{"start":{"line":222,"column":42},"end":{"line":234,"column":3}},"line":222},"20":{"name":"(anonymous_20)","decl":{"start":{"line":237,"column":21},"end":{"line":237,"column":22}},"loc":{"start":{"line":237,"column":36},"end":{"line":252,"column":1}},"line":237},"21":{"name":"(anonymous_21)","decl":{"start":{"line":239,"column":22},"end":{"line":239,"column":23}},"loc":{"start":{"line":239,"column":43},"end":{"line":251,"column":3}},"line":239},"22":{"name":"(anonymous_22)","decl":{"start":{"line":262,"column":22},"end":{"line":262,"column":23}},"loc":{"start":{"line":262,"column":34},"end":{"line":277,"column":1}},"line":262},"23":{"name":"(anonymous_23)","decl":{"start":{"line":264,"column":22},"end":{"line":264,"column":23}},"loc":{"start":{"line":264,"column":43},"end":{"line":276,"column":3}},"line":264},"24":{"name":"(anonymous_24)","decl":{"start":{"line":288,"column":20},"end":{"line":288,"column":21}},"loc":{"start":{"line":288,"column":43},"end":{"line":303,"column":1}},"line":288},"25":{"name":"(anonymous_25)","decl":{"start":{"line":290,"column":22},"end":{"line":290,"column":23}},"loc":{"start":{"line":290,"column":43},"end":{"line":302,"column":3}},"line":290},"26":{"name":"(anonymous_26)","decl":{"start":{"line":305,"column":30},"end":{"line":305,"column":31}},"loc":{"start":{"line":305,"column":45},"end":{"line":320,"column":1}},"line":305},"27":{"name":"(anonymous_27)","decl":{"start":{"line":307,"column":22},"end":{"line":307,"column":23}},"loc":{"start":{"line":307,"column":43},"end":{"line":319,"column":3}},"line":307},"28":{"name":"(anonymous_28)","decl":{"start":{"line":322,"column":25},"end":{"line":322,"column":26}},"loc":{"start":{"line":322,"column":40},"end":{"line":337,"column":1}},"line":322},"29":{"name":"(anonymous_29)","decl":{"start":{"line":324,"column":22},"end":{"line":324,"column":23}},"loc":{"start":{"line":324,"column":43},"end":{"line":336,"column":3}},"line":324},"30":{"name":"(anonymous_30)","decl":{"start":{"line":339,"column":30},"end":{"line":339,"column":31}},"loc":{"start":{"line":339,"column":43},"end":{"line":354,"column":1}},"line":339},"31":{"name":"(anonymous_31)","decl":{"start":{"line":341,"column":22},"end":{"line":341,"column":23}},"loc":{"start":{"line":341,"column":43},"end":{"line":353,"column":3}},"line":341},"32":{"name":"(anonymous_32)","decl":{"start":{"line":356,"column":23},"end":{"line":356,"column":24}},"loc":{"start":{"line":356,"column":36},"end":{"line":371,"column":1}},"line":356},"33":{"name":"(anonymous_33)","decl":{"start":{"line":358,"column":22},"end":{"line":358,"column":23}},"loc":{"start":{"line":358,"column":43},"end":{"line":370,"column":3}},"line":358}},"branchMap":{"0":{"loc":{"start":{"line":27,"column":4},"end":{"line":29,"column":5}},"type":"if","locations":[{"start":{"line":27,"column":4},"end":{"line":29,"column":5}},{"start":{},"end":{}}],"line":27},"1":{"loc":{"start":{"line":30,"column":4},"end":{"line":32,"column":5}},"type":"if","locations":[{"start":{"line":30,"column":4},"end":{"line":32,"column":5}},{"start":{},"end":{}}],"line":30},"2":{"loc":{"start":{"line":50,"column":4},"end":{"line":62,"column":7}},"type":"if","locations":[{"start":{"line":50,"column":4},"end":{"line":62,"column":7}},{"start":{"line":53,"column":9},"end":{"line":62,"column":7}}],"line":50},"3":{"loc":{"start":{"line":71,"column":4},"end":{"line":83,"column":7}},"type":"if","locations":[{"start":{"line":71,"column":4},"end":{"line":83,"column":7}},{"start":{"line":74,"column":9},"end":{"line":83,"column":7}}],"line":71},"4":{"loc":{"start":{"line":92,"column":4},"end":{"line":104,"column":7}},"type":"if","locations":[{"start":{"line":92,"column":4},"end":{"line":104,"column":7}},{"start":{"line":95,"column":9},"end":{"line":104,"column":7}}],"line":92},"5":{"loc":{"start":{"line":117,"column":4},"end":{"line":129,"column":7}},"type":"if","locations":[{"start":{"line":117,"column":4},"end":{"line":129,"column":7}},{"start":{"line":120,"column":9},"end":{"line":129,"column":7}}],"line":117},"6":{"loc":{"start":{"line":137,"column":4},"end":{"line":149,"column":7}},"type":"if","locations":[{"start":{"line":137,"column":4},"end":{"line":149,"column":7}},{"start":{"line":140,"column":9},"end":{"line":149,"column":7}}],"line":137},"7":{"loc":{"start":{"line":184,"column":4},"end":{"line":194,"column":5}},"type":"if","locations":[{"start":{"line":184,"column":4},"end":{"line":194,"column":5}},{"start":{"line":186,"column":11},"end":{"line":194,"column":5}}],"line":184},"8":{"loc":{"start":{"line":202,"column":4},"end":{"line":212,"column":5}},"type":"if","locations":[{"start":{"line":202,"column":4},"end":{"line":212,"column":5}},{"start":{"line":204,"column":11},"end":{"line":212,"column":5}}],"line":202},"9":{"loc":{"start":{"line":220,"column":36},"end":{"line":220,"column":44}},"type":"default-arg","locations":[{"start":{"line":220,"column":43},"end":{"line":220,"column":44}}],"line":220},"10":{"loc":{"start":{"line":220,"column":46},"end":{"line":220,"column":55}},"type":"default-arg","locations":[{"start":{"line":220,"column":54},"end":{"line":220,"column":55}}],"line":220},"11":{"loc":{"start":{"line":223,"column":4},"end":{"line":233,"column":5}},"type":"if","locations":[{"start":{"line":223,"column":4},"end":{"line":233,"column":5}},{"start":{"line":225,"column":11},"end":{"line":233,"column":5}}],"line":223},"12":{"loc":{"start":{"line":240,"column":4},"end":{"line":250,"column":5}},"type":"if","locations":[{"start":{"line":240,"column":4},"end":{"line":250,"column":5}},{"start":{"line":242,"column":11},"end":{"line":250,"column":5}}],"line":240},"13":{"loc":{"start":{"line":265,"column":4},"end":{"line":275,"column":5}},"type":"if","locations":[{"start":{"line":265,"column":4},"end":{"line":275,"column":5}},{"start":{"line":267,"column":11},"end":{"line":275,"column":5}}],"line":265},"14":{"loc":{"start":{"line":291,"column":4},"end":{"line":301,"column":5}},"type":"if","locations":[{"start":{"line":291,"column":4},"end":{"line":301,"column":5}},{"start":{"line":293,"column":11},"end":{"line":301,"column":5}}],"line":291},"15":{"loc":{"start":{"line":308,"column":4},"end":{"line":318,"column":5}},"type":"if","locations":[{"start":{"line":308,"column":4},"end":{"line":318,"column":5}},{"start":{"line":310,"column":11},"end":{"line":318,"column":5}}],"line":308},"16":{"loc":{"start":{"line":325,"column":4},"end":{"line":335,"column":5}},"type":"if","locations":[{"start":{"line":325,"column":4},"end":{"line":335,"column":5}},{"start":{"line":327,"column":11},"end":{"line":335,"column":5}}],"line":325},"17":{"loc":{"start":{"line":342,"column":4},"end":{"line":352,"column":5}},"type":"if","locations":[{"start":{"line":342,"column":4},"end":{"line":352,"column":5}},{"start":{"line":344,"column":11},"end":{"line":352,"column":5}}],"line":342},"18":{"loc":{"start":{"line":359,"column":4},"end":{"line":369,"column":5}},"type":"if","locations":[{"start":{"line":359,"column":4},"end":{"line":369,"column":5}},{"start":{"line":361,"column":11},"end":{"line":369,"column":5}}],"line":359}},"s":{"0":6,"1":6,"2":6,"3":6,"4":2,"5":2,"6":1,"7":2,"8":1,"9":2,"10":2,"11":6,"12":4,"13":4,"14":1,"15":3,"16":3,"17":6,"18":2,"19":2,"20":0,"21":2,"22":2,"23":6,"24":2,"25":2,"26":0,"27":2,"28":2,"29":6,"30":2,"31":2,"32":1,"33":1,"34":1,"35":6,"36":3,"37":3,"38":0,"39":3,"40":3,"41":6,"42":0,"43":0,"44":0,"45":6,"46":0,"47":0,"48":0,"49":0,"50":0,"51":6,"52":0,"53":0,"54":0,"55":0,"56":0,"57":6,"58":2,"59":2,"60":1,"61":1,"62":1,"63":6,"64":1,"65":1,"66":0,"67":1,"68":1,"69":6,"70":0,"71":0,"72":0,"73":0,"74":0,"75":6,"76":0,"77":0,"78":0,"79":0,"80":0,"81":6,"82":0,"83":0,"84":0,"85":0,"86":0,"87":6,"88":0,"89":0,"90":0,"91":0,"92":0,"93":6,"94":0,"95":0,"96":0,"97":0,"98":0,"99":6,"100":0,"101":0,"102":0,"103":0,"104":0,"105":6},"f":{"0":2,"1":2,"2":4,"3":4,"4":2,"5":2,"6":2,"7":2,"8":2,"9":2,"10":3,"11":3,"12":0,"13":0,"14":0,"15":0,"16":0,"17":0,"18":2,"19":2,"20":1,"21":1,"22":0,"23":0,"24":0,"25":0,"26":0,"27":0,"28":0,"29":0,"30":0,"31":0,"32":0,"33":0},"b":{"0":[1,1],"1":[1,1],"2":[1,3],"3":[0,2],"4":[0,2],"5":[1,1],"6":[0,3],"7":[0,0],"8":[0,0],"9":[1],"10":[1],"11":[1,1],"12":[0,1],"13":[0,0],"14":[0,0],"15":[0,0],"16":[0,0],"17":[0,0],"18":[0,0]},"_coverageSchema":"1a1c01bbd47fc00a2c39e90264f33305004495a9","hash":"bc570af236b3d30a3b22d1ddf9c10ea60e4ceda1"}
,"/Users/ThanhLy/Desktop/SEI2209/rpp2209-fec-photon/project-atelier/client/src/RatingsAndReviews/RatingsAndReviews.jsx": {"path":"/Users/ThanhLy/Desktop/SEI2209/rpp2209-fec-photon/project-atelier/client/src/RatingsAndReviews/RatingsAndReviews.jsx","statementMap":{"0":{"start":{"line":9,"column":17},"end":{"line":80,"column":1}},"1":{"start":{"line":85,"column":24},"end":{"line":87,"column":3}},"2":{"start":{"line":86,"column":4},"end":{"line":86,"column":38}},"3":{"start":{"line":89,"column":40},"end":{"line":89,"column":51}},"4":{"start":{"line":90,"column":54},"end":{"line":90,"column":72}},"5":{"start":{"line":91,"column":2},"end":{"line":116,"column":4}},"6":{"start":{"line":101,"column":10},"end":{"line":107,"column":11}},"7":{"start":{"line":102,"column":12},"end":{"line":106,"column":16}},"8":{"start":{"line":111,"column":28},"end":{"line":111,"column":58}}},"fnMap":{"0":{"name":"RatingsAndReviews","decl":{"start":{"line":83,"column":24},"end":{"line":83,"column":41}},"loc":{"start":{"line":83,"column":45},"end":{"line":117,"column":1}},"line":83},"1":{"name":"(anonymous_1)","decl":{"start":{"line":85,"column":24},"end":{"line":85,"column":25}},"loc":{"start":{"line":85,"column":28},"end":{"line":87,"column":3}},"line":85},"2":{"name":"(anonymous_2)","decl":{"start":{"line":99,"column":30},"end":{"line":99,"column":31}},"loc":{"start":{"line":99,"column":47},"end":{"line":108,"column":9}},"line":99},"3":{"name":"(anonymous_3)","decl":{"start":{"line":111,"column":23},"end":{"line":111,"column":24}},"loc":{"start":{"line":111,"column":27},"end":{"line":111,"column":59}},"line":111}},"branchMap":{"0":{"loc":{"start":{"line":101,"column":10},"end":{"line":107,"column":11}},"type":"if","locations":[{"start":{"line":101,"column":10},"end":{"line":107,"column":11}},{"start":{},"end":{}}],"line":101}},"s":{"0":1,"1":1,"2":0,"3":1,"4":1,"5":1,"6":5,"7":2,"8":0},"f":{"0":1,"1":0,"2":5,"3":0},"b":{"0":[2,3]},"_coverageSchema":"1a1c01bbd47fc00a2c39e90264f33305004495a9","hash":"cc1536a1e171188575001045cef2855002b3b536"}
,"/Users/ThanhLy/Desktop/SEI2209/rpp2209-fec-photon/project-atelier/client/src/RatingsAndReviews/components/NewReviewWindow.jsx": {"path":"/Users/ThanhLy/Desktop/SEI2209/rpp2209-fec-photon/project-atelier/client/src/RatingsAndReviews/components/NewReviewWindow.jsx","statementMap":{"0":{"start":{"line":5,"column":2},"end":{"line":16,"column":3}},"1":{"start":{"line":7,"column":4},"end":{"line":15,"column":6}},"2":{"start":{"line":13,"column":30},"end":{"line":13,"column":53}}},"fnMap":{"0":{"name":"NewReviewWindow","decl":{"start":{"line":3,"column":24},"end":{"line":3,"column":39}},"loc":{"start":{"line":3,"column":68},"end":{"line":17,"column":1}},"line":3},"1":{"name":"(anonymous_1)","decl":{"start":{"line":13,"column":25},"end":{"line":13,"column":26}},"loc":{"start":{"line":13,"column":29},"end":{"line":13,"column":54}},"line":13}},"branchMap":{"0":{"loc":{"start":{"line":5,"column":2},"end":{"line":16,"column":3}},"type":"if","locations":[{"start":{"line":5,"column":2},"end":{"line":16,"column":3}},{"start":{},"end":{}}],"line":5}},"s":{"0":1,"1":0,"2":0},"f":{"0":1,"1":0},"b":{"0":[0,1]},"_coverageSchema":"1a1c01bbd47fc00a2c39e90264f33305004495a9","hash":"518d00009ff5c492712ac5ba0a6daf097dbb7eac"}
,"/Users/ThanhLy/Desktop/SEI2209/rpp2209-fec-photon/project-atelier/client/src/RatingsAndReviews/components/ReviewTile.jsx": {"path":"/Users/ThanhLy/Desktop/SEI2209/rpp2209-fec-photon/project-atelier/client/src/RatingsAndReviews/components/ReviewTile.jsx","statementMap":{"0":{"start":{"line":9,"column":2},"end":{"line":22,"column":4}}},"fnMap":{"0":{"name":"ReviewTile","decl":{"start":{"line":7,"column":24},"end":{"line":7,"column":34}},"loc":{"start":{"line":7,"column":48},"end":{"line":23,"column":1}},"line":7}},"branchMap":{},"s":{"0":2},"f":{"0":2},"b":{},"_coverageSchema":"1a1c01bbd47fc00a2c39e90264f33305004495a9","hash":"4b04f788610e02e433335ed7f166b1380605df1a"}
,"/Users/ThanhLy/Desktop/SEI2209/rpp2209-fec-photon/project-atelier/client/src/RatingsAndReviews/components/SortReviews.jsx": {"path":"/Users/ThanhLy/Desktop/SEI2209/rpp2209-fec-photon/project-atelier/client/src/RatingsAndReviews/components/SortReviews.jsx","statementMap":{"0":{"start":{"line":4,"column":2},"end":{"line":15,"column":4}}},"fnMap":{"0":{"name":"SortReviews","decl":{"start":{"line":3,"column":24},"end":{"line":3,"column":35}},"loc":{"start":{"line":3,"column":38},"end":{"line":16,"column":1}},"line":3}},"branchMap":{},"s":{"0":1},"f":{"0":1},"b":{},"_coverageSchema":"1a1c01bbd47fc00a2c39e90264f33305004495a9","hash":"f4653b8c5235583bef899fdd77c804812d27979c"}
,"/Users/ThanhLy/Desktop/SEI2209/rpp2209-fec-photon/project-atelier/client/src/RatingsAndReviews/components/miniComponents/ReviewDate.jsx": {"path":"/Users/ThanhLy/Desktop/SEI2209/rpp2209-fec-photon/project-atelier/client/src/RatingsAndReviews/components/miniComponents/ReviewDate.jsx","statementMap":{"0":{"start":{"line":5,"column":19},"end":{"line":5,"column":141}},"1":{"start":{"line":6,"column":13},"end":{"line":6,"column":33}},"2":{"start":{"line":7,"column":14},"end":{"line":7,"column":34}},"3":{"start":{"line":8,"column":12},"end":{"line":8,"column":33}},"4":{"start":{"line":9,"column":2},"end":{"line":11,"column":4}}},"fnMap":{"0":{"name":"ReviewDate","decl":{"start":{"line":3,"column":24},"end":{"line":3,"column":34}},"loc":{"start":{"line":3,"column":44},"end":{"line":12,"column":1}},"line":3}},"branchMap":{},"s":{"0":2,"1":2,"2":2,"3":2,"4":2},"f":{"0":2},"b":{},"_coverageSchema":"1a1c01bbd47fc00a2c39e90264f33305004495a9","hash":"1048b844f422956729d8d357830da137e2d58453"}
,"/Users/ThanhLy/Desktop/SEI2209/rpp2209-fec-photon/project-atelier/client/src/RatingsAndReviews/components/miniComponents/ReviewImages.jsx": {"path":"/Users/ThanhLy/Desktop/SEI2209/rpp2209-fec-photon/project-atelier/client/src/RatingsAndReviews/components/miniComponents/ReviewImages.jsx","statementMap":{"0":{"start":{"line":4,"column":2},"end":{"line":15,"column":4}},"1":{"start":{"line":9,"column":10},"end":{"line":11,"column":12}}},"fnMap":{"0":{"name":"ReviewImages","decl":{"start":{"line":3,"column":24},"end":{"line":3,"column":36}},"loc":{"start":{"line":3,"column":47},"end":{"line":16,"column":1}},"line":3},"1":{"name":"(anonymous_1)","decl":{"start":{"line":8,"column":19},"end":{"line":8,"column":20}},"loc":{"start":{"line":8,"column":39},"end":{"line":12,"column":9}},"line":8}},"branchMap":{},"s":{"0":2,"1":0},"f":{"0":2,"1":0},"b":{},"_coverageSchema":"1a1c01bbd47fc00a2c39e90264f33305004495a9","hash":"cae87955a4f644ec188cfe9cfa3ed98c69aabc7b"}
,"/Users/ThanhLy/Desktop/SEI2209/rpp2209-fec-photon/project-atelier/client/src/components/overview/AddtoCart.jsx": {"path":"/Users/ThanhLy/Desktop/SEI2209/rpp2209-fec-photon/project-atelier/client/src/components/overview/AddtoCart.jsx","statementMap":{"0":{"start":{"line":6,"column":8},"end":{"line":6,"column":20}},"1":{"start":{"line":7,"column":8},"end":{"line":11,"column":9}},"2":{"start":{"line":13,"column":19},"end":{"line":28,"column":5}},"3":{"start":{"line":14,"column":18},"end":{"line":14,"column":20}},"4":{"start":{"line":15,"column":16},"end":{"line":15,"column":28}},"5":{"start":{"line":16,"column":8},"end":{"line":16,"column":27}},"6":{"start":{"line":17,"column":8},"end":{"line":19,"column":9}},"7":{"start":{"line":17,"column":21},"end":{"line":17,"column":22}},"8":{"start":{"line":18,"column":12},"end":{"line":18,"column":25}},"9":{"start":{"line":20,"column":8},"end":{"line":22,"column":10}},"10":{"start":{"line":23,"column":8},"end":{"line":27,"column":10}},"11":{"start":{"line":29,"column":13},"end":{"line":34,"column":5}},"12":{"start":{"line":30,"column":8},"end":{"line":33,"column":10}},"13":{"start":{"line":36,"column":16},"end":{"line":38,"column":5}},"14":{"start":{"line":37,"column":8},"end":{"line":37,"column":63}},"15":{"start":{"line":40,"column":8},"end":{"line":51,"column":15}},"16":{"start":{"line":43,"column":20},"end":{"line":43,"column":126}},"17":{"start":{"line":47,"column":20},"end":{"line":47,"column":94}}},"fnMap":{"0":{"name":"(anonymous_0)","decl":{"start":{"line":5,"column":4},"end":{"line":5,"column":5}},"loc":{"start":{"line":5,"column":23},"end":{"line":12,"column":5}},"line":5},"1":{"name":"(anonymous_1)","decl":{"start":{"line":13,"column":19},"end":{"line":13,"column":20}},"loc":{"start":{"line":13,"column":32},"end":{"line":28,"column":5}},"line":13},"2":{"name":"(anonymous_2)","decl":{"start":{"line":29,"column":13},"end":{"line":29,"column":14}},"loc":{"start":{"line":29,"column":20},"end":{"line":34,"column":5}},"line":29},"3":{"name":"(anonymous_3)","decl":{"start":{"line":36,"column":16},"end":{"line":36,"column":17}},"loc":{"start":{"line":36,"column":22},"end":{"line":38,"column":5}},"line":36},"4":{"name":"(anonymous_4)","decl":{"start":{"line":39,"column":4},"end":{"line":39,"column":5}},"loc":{"start":{"line":39,"column":13},"end":{"line":52,"column":5}},"line":39},"5":{"name":"(anonymous_5)","decl":{"start":{"line":42,"column":54},"end":{"line":42,"column":55}},"loc":{"start":{"line":42,"column":64},"end":{"line":44,"column":17}},"line":42},"6":{"name":"(anonymous_6)","decl":{"start":{"line":46,"column":41},"end":{"line":46,"column":42}},"loc":{"start":{"line":46,"column":51},"end":{"line":48,"column":17}},"line":46}},"branchMap":{"0":{"loc":{"start":{"line":16,"column":12},"end":{"line":16,"column":27}},"type":"cond-expr","locations":[{"start":{"line":16,"column":21},"end":{"line":16,"column":23}},{"start":{"line":16,"column":26},"end":{"line":16,"column":27}}],"line":16},"1":{"loc":{"start":{"line":45,"column":13},"end":{"line":49,"column":17}},"type":"cond-expr","locations":[{"start":{"line":45,"column":36},"end":{"line":45,"column":40}},{"start":{"line":45,"column":43},"end":{"line":49,"column":17}}],"line":45}},"s":{"0":1,"1":1,"2":1,"3":0,"4":0,"5":0,"6":0,"7":0,"8":0,"9":0,"10":0,"11":1,"12":0,"13":1,"14":0,"15":1,"16":2,"17":0},"f":{"0":1,"1":0,"2":0,"3":0,"4":1,"5":2,"6":0},"b":{"0":[0,0],"1":[1,0]},"_coverageSchema":"1a1c01bbd47fc00a2c39e90264f33305004495a9","hash":"40d42ab4ec726a49072f3d2409c2654c4f429d8d"}
,"/Users/ThanhLy/Desktop/SEI2209/rpp2209-fec-photon/project-atelier/client/src/components/overview/ImageGallery.jsx": {"path":"/Users/ThanhLy/Desktop/SEI2209/rpp2209-fec-photon/project-atelier/client/src/components/overview/ImageGallery.jsx","statementMap":{"0":{"start":{"line":5,"column":8},"end":{"line":5,"column":20}},"1":{"start":{"line":6,"column":8},"end":{"line":9,"column":9}},"2":{"start":{"line":12,"column":8},"end":{"line":17,"column":9}},"3":{"start":{"line":13,"column":12},"end":{"line":16,"column":14}},"4":{"start":{"line":19,"column":19},"end":{"line":23,"column":5}},"5":{"start":{"line":20,"column":8},"end":{"line":22,"column":10}},"6":{"start":{"line":26,"column":8},"end":{"line":37,"column":15}},"7":{"start":{"line":28,"column":16},"end":{"line":33,"column":102}}},"fnMap":{"0":{"name":"(anonymous_0)","decl":{"start":{"line":4,"column":4},"end":{"line":4,"column":5}},"loc":{"start":{"line":4,"column":23},"end":{"line":10,"column":5}},"line":4},"1":{"name":"(anonymous_1)","decl":{"start":{"line":11,"column":4},"end":{"line":11,"column":5}},"loc":{"start":{"line":11,"column":34},"end":{"line":18,"column":5}},"line":11},"2":{"name":"(anonymous_2)","decl":{"start":{"line":19,"column":19},"end":{"line":19,"column":20}},"loc":{"start":{"line":19,"column":26},"end":{"line":23,"column":5}},"line":19},"3":{"name":"(anonymous_3)","decl":{"start":{"line":25,"column":4},"end":{"line":25,"column":5}},"loc":{"start":{"line":25,"column":13},"end":{"line":38,"column":5}},"line":25},"4":{"name":"(anonymous_4)","decl":{"start":{"line":27,"column":70},"end":{"line":27,"column":71}},"loc":{"start":{"line":27,"column":80},"end":{"line":34,"column":13}},"line":27}},"branchMap":{"0":{"loc":{"start":{"line":12,"column":8},"end":{"line":17,"column":9}},"type":"if","locations":[{"start":{"line":12,"column":8},"end":{"line":17,"column":9}},{"start":{},"end":{}}],"line":12}},"s":{"0":1,"1":1,"2":0,"3":0,"4":1,"5":0,"6":1,"7":0},"f":{"0":1,"1":0,"2":0,"3":1,"4":0},"b":{"0":[0,0]},"_coverageSchema":"1a1c01bbd47fc00a2c39e90264f33305004495a9","hash":"87c08436216b1f88cfa9aaef22593a2e163b2775"}
,"/Users/ThanhLy/Desktop/SEI2209/rpp2209-fec-photon/project-atelier/client/src/components/overview/ProductInfo.jsx": {"path":"/Users/ThanhLy/Desktop/SEI2209/rpp2209-fec-photon/project-atelier/client/src/components/overview/ProductInfo.jsx","statementMap":{"0":{"start":{"line":5,"column":8},"end":{"line":5,"column":20}},"1":{"start":{"line":6,"column":8},"end":{"line":12,"column":9}},"2":{"start":{"line":15,"column":8},"end":{"line":30,"column":10}},"3":{"start":{"line":16,"column":28},"end":{"line":16,"column":47}},"4":{"start":{"line":17,"column":12},"end":{"line":29,"column":13}},"5":{"start":{"line":18,"column":32},"end":{"line":18,"column":33}},"6":{"start":{"line":18,"column":43},"end":{"line":18,"column":44}},"7":{"start":{"line":18,"column":52},"end":{"line":18,"column":53}},"8":{"start":{"line":19,"column":16},"end":{"line":22,"column":17}},"9":{"start":{"line":20,"column":20},"end":{"line":20,"column":51}},"10":{"start":{"line":21,"column":20},"end":{"line":21,"column":47}},"11":{"start":{"line":23,"column":16},"end":{"line":23,"column":52}},"12":{"start":{"line":24,"column":16},"end":{"line":28,"column":18}},"13":{"start":{"line":31,"column":8},"end":{"line":35,"column":10}},"14":{"start":{"line":32,"column":12},"end":{"line":34,"column":14}},"15":{"start":{"line":37,"column":13},"end":{"line":39,"column":5}},"16":{"start":{"line":38,"column":8},"end":{"line":38,"column":22}},"17":{"start":{"line":40,"column":13},"end":{"line":42,"column":5}},"18":{"start":{"line":41,"column":8},"end":{"line":41,"column":29}},"19":{"start":{"line":44,"column":8},"end":{"line":55,"column":15}}},"fnMap":{"0":{"name":"(anonymous_0)","decl":{"start":{"line":4,"column":4},"end":{"line":4,"column":5}},"loc":{"start":{"line":4,"column":23},"end":{"line":13,"column":5}},"line":4},"1":{"name":"(anonymous_1)","decl":{"start":{"line":14,"column":4},"end":{"line":14,"column":5}},"loc":{"start":{"line":14,"column":24},"end":{"line":36,"column":5}},"line":14},"2":{"name":"(anonymous_2)","decl":{"start":{"line":15,"column":37},"end":{"line":15,"column":38}},"loc":{"start":{"line":15,"column":49},"end":{"line":30,"column":9}},"line":15},"3":{"name":"(anonymous_3)","decl":{"start":{"line":31,"column":37},"end":{"line":31,"column":38}},"loc":{"start":{"line":31,"column":49},"end":{"line":35,"column":9}},"line":31},"4":{"name":"(anonymous_4)","decl":{"start":{"line":37,"column":13},"end":{"line":37,"column":14}},"loc":{"start":{"line":37,"column":20},"end":{"line":39,"column":5}},"line":37},"5":{"name":"(anonymous_5)","decl":{"start":{"line":40,"column":13},"end":{"line":40,"column":14}},"loc":{"start":{"line":40,"column":19},"end":{"line":42,"column":5}},"line":40},"6":{"name":"(anonymous_6)","decl":{"start":{"line":43,"column":4},"end":{"line":43,"column":5}},"loc":{"start":{"line":43,"column":13},"end":{"line":56,"column":5}},"line":43}},"branchMap":{"0":{"loc":{"start":{"line":17,"column":12},"end":{"line":29,"column":13}},"type":"if","locations":[{"start":{"line":17,"column":12},"end":{"line":29,"column":13}},{"start":{},"end":{}}],"line":17},"1":{"loc":{"start":{"line":45,"column":13},"end":{"line":48,"column":25}},"type":"cond-expr","locations":[{"start":{"line":45,"column":40},"end":{"line":48,"column":18}},{"start":{"line":48,"column":21},"end":{"line":48,"column":25}}],"line":45},"2":{"loc":{"start":{"line":51,"column":13},"end":{"line":52,"column":57}},"type":"cond-expr","locations":[{"start":{"line":51,"column":37},"end":{"line":51,"column":159}},{"start":{"line":52,"column":18},"end":{"line":52,"column":57}}],"line":51}},"s":{"0":1,"1":1,"2":1,"3":0,"4":0,"5":0,"6":0,"7":0,"8":0,"9":0,"10":0,"11":0,"12":0,"13":1,"14":0,"15":1,"16":0,"17":1,"18":0,"19":1},"f":{"0":1,"1":1,"2":0,"3":0,"4":0,"5":0,"6":1},"b":{"0":[0,0],"1":[0,1],"2":[1,0]},"_coverageSchema":"1a1c01bbd47fc00a2c39e90264f33305004495a9","hash":"a8b9ab22d388804c1f29ed4ef51db091f1e01f35"}
,"/Users/ThanhLy/Desktop/SEI2209/rpp2209-fec-photon/project-atelier/client/src/components/overview/Skuscontrol.jsx": {"path":"/Users/ThanhLy/Desktop/SEI2209/rpp2209-fec-photon/project-atelier/client/src/components/overview/Skuscontrol.jsx","statementMap":{"0":{"start":{"line":5,"column":8},"end":{"line":5,"column":20}},"1":{"start":{"line":8,"column":19},"end":{"line":10,"column":5}},"2":{"start":{"line":9,"column":8},"end":{"line":9,"column":65}},"3":{"start":{"line":13,"column":8},"end":{"line":13,"column":75}}},"fnMap":{"0":{"name":"(anonymous_0)","decl":{"start":{"line":4,"column":4},"end":{"line":4,"column":5}},"loc":{"start":{"line":4,"column":23},"end":{"line":7,"column":5}},"line":4},"1":{"name":"(anonymous_1)","decl":{"start":{"line":8,"column":19},"end":{"line":8,"column":20}},"loc":{"start":{"line":8,"column":25},"end":{"line":10,"column":5}},"line":8},"2":{"name":"(anonymous_2)","decl":{"start":{"line":12,"column":4},"end":{"line":12,"column":5}},"loc":{"start":{"line":12,"column":13},"end":{"line":14,"column":5}},"line":12}},"branchMap":{},"s":{"0":2,"1":2,"2":0,"3":2},"f":{"0":2,"1":0,"2":2},"b":{},"_coverageSchema":"1a1c01bbd47fc00a2c39e90264f33305004495a9","hash":"124da1e0fe10a62b2d9d7b44ea2cdc2c01482c67"}
,"/Users/ThanhLy/Desktop/SEI2209/rpp2209-fec-photon/project-atelier/client/src/components/overview/Style.jsx": {"path":"/Users/ThanhLy/Desktop/SEI2209/rpp2209-fec-photon/project-atelier/client/src/components/overview/Style.jsx","statementMap":{"0":{"start":{"line":5,"column":8},"end":{"line":5,"column":20}},"1":{"start":{"line":6,"column":8},"end":{"line":8,"column":9}},"2":{"start":{"line":10,"column":18},"end":{"line":13,"column":5}},"3":{"start":{"line":11,"column":8},"end":{"line":11,"column":42}},"4":{"start":{"line":12,"column":8},"end":{"line":12,"column":48}},"5":{"start":{"line":16,"column":8},"end":{"line":16,"column":127}}},"fnMap":{"0":{"name":"(anonymous_0)","decl":{"start":{"line":4,"column":4},"end":{"line":4,"column":5}},"loc":{"start":{"line":4,"column":23},"end":{"line":9,"column":5}},"line":4},"1":{"name":"(anonymous_1)","decl":{"start":{"line":10,"column":18},"end":{"line":10,"column":19}},"loc":{"start":{"line":10,"column":24},"end":{"line":13,"column":5}},"line":10},"2":{"name":"(anonymous_2)","decl":{"start":{"line":15,"column":4},"end":{"line":15,"column":5}},"loc":{"start":{"line":15,"column":13},"end":{"line":17,"column":5}},"line":15}},"branchMap":{},"s":{"0":2,"1":2,"2":2,"3":0,"4":0,"5":2},"f":{"0":2,"1":0,"2":2},"b":{},"_coverageSchema":"1a1c01bbd47fc00a2c39e90264f33305004495a9","hash":"476e9c75edb531a93d039e0b76119c797da186ca"}
,"/Users/ThanhLy/Desktop/SEI2209/rpp2209-fec-photon/project-atelier/client/src/components/overview/Styleselector.jsx": {"path":"/Users/ThanhLy/Desktop/SEI2209/rpp2209-fec-photon/project-atelier/client/src/components/overview/Styleselector.jsx","statementMap":{"0":{"start":{"line":6,"column":8},"end":{"line":6,"column":20}},"1":{"start":{"line":11,"column":8},"end":{"line":16,"column":15}},"2":{"start":{"line":14,"column":16},"end":{"line":14,"column":102}}},"fnMap":{"0":{"name":"(anonymous_0)","decl":{"start":{"line":5,"column":4},"end":{"line":5,"column":5}},"loc":{"start":{"line":5,"column":23},"end":{"line":8,"column":5}},"line":5},"1":{"name":"(anonymous_1)","decl":{"start":{"line":10,"column":4},"end":{"line":10,"column":5}},"loc":{"start":{"line":10,"column":13},"end":{"line":17,"column":5}},"line":10},"2":{"name":"(anonymous_2)","decl":{"start":{"line":13,"column":58},"end":{"line":13,"column":59}},"loc":{"start":{"line":13,"column":68},"end":{"line":15,"column":13}},"line":13}},"branchMap":{},"s":{"0":1,"1":1,"2":1},"f":{"0":1,"1":1,"2":1},"b":{},"_coverageSchema":"1a1c01bbd47fc00a2c39e90264f33305004495a9","hash":"5be3b5c93e6eb3d11b98ea2092697e31542eec70"}
,"/Users/ThanhLy/Desktop/SEI2209/rpp2209-fec-photon/project-atelier/client/src/components/relatedItems/Card.jsx": {"path":"/Users/ThanhLy/Desktop/SEI2209/rpp2209-fec-photon/project-atelier/client/src/components/relatedItems/Card.jsx","statementMap":{"0":{"start":{"line":4,"column":13},"end":{"line":69,"column":1}},"1":{"start":{"line":6,"column":20},"end":{"line":6,"column":25}},"2":{"start":{"line":8,"column":40},"end":{"line":8,"column":52}},"3":{"start":{"line":9,"column":46},"end":{"line":9,"column":58}},"4":{"start":{"line":10,"column":42},"end":{"line":10,"column":54}},"5":{"start":{"line":12,"column":26},"end":{"line":25,"column":3}},"6":{"start":{"line":13,"column":4},"end":{"line":24,"column":6}},"7":{"start":{"line":15,"column":19},"end":{"line":15,"column":35}},"8":{"start":{"line":16,"column":6},"end":{"line":20,"column":7}},"9":{"start":{"line":17,"column":8},"end":{"line":19,"column":9}},"10":{"start":{"line":18,"column":10},"end":{"line":18,"column":33}},"11":{"start":{"line":23,"column":6},"end":{"line":23,"column":25}},"12":{"start":{"line":27,"column":25},"end":{"line":35,"column":3}},"13":{"start":{"line":28,"column":4},"end":{"line":34,"column":7}},"14":{"start":{"line":30,"column":6},"end":{"line":30,"column":31}},"15":{"start":{"line":33,"column":6},"end":{"line":33,"column":25}},"16":{"start":{"line":37,"column":21},"end":{"line":45,"column":3}},"17":{"start":{"line":38,"column":4},"end":{"line":44,"column":7}},"18":{"start":{"line":40,"column":6},"end":{"line":40,"column":34}},"19":{"start":{"line":43,"column":6},"end":{"line":43,"column":25}},"20":{"start":{"line":47,"column":2},"end":{"line":51,"column":9}},"21":{"start":{"line":48,"column":4},"end":{"line":48,"column":31}},"22":{"start":{"line":49,"column":4},"end":{"line":49,"column":30}},"23":{"start":{"line":50,"column":4},"end":{"line":50,"column":26}},"24":{"start":{"line":53,"column":2},"end":{"line":68,"column":4}}},"fnMap":{"0":{"name":"(anonymous_0)","decl":{"start":{"line":4,"column":13},"end":{"line":4,"column":14}},"loc":{"start":{"line":4,"column":24},"end":{"line":69,"column":1}},"line":4},"1":{"name":"(anonymous_1)","decl":{"start":{"line":12,"column":26},"end":{"line":12,"column":27}},"loc":{"start":{"line":12,"column":41},"end":{"line":25,"column":3}},"line":12},"2":{"name":"(anonymous_2)","decl":{"start":{"line":14,"column":10},"end":{"line":14,"column":11}},"loc":{"start":{"line":14,"column":19},"end":{"line":21,"column":5}},"line":14},"3":{"name":"(anonymous_3)","decl":{"start":{"line":22,"column":11},"end":{"line":22,"column":12}},"loc":{"start":{"line":22,"column":20},"end":{"line":24,"column":5}},"line":22},"4":{"name":"(anonymous_4)","decl":{"start":{"line":27,"column":25},"end":{"line":27,"column":26}},"loc":{"start":{"line":27,"column":33},"end":{"line":35,"column":3}},"line":27},"5":{"name":"(anonymous_5)","decl":{"start":{"line":29,"column":10},"end":{"line":29,"column":11}},"loc":{"start":{"line":29,"column":19},"end":{"line":31,"column":5}},"line":29},"6":{"name":"(anonymous_6)","decl":{"start":{"line":32,"column":11},"end":{"line":32,"column":12}},"loc":{"start":{"line":32,"column":20},"end":{"line":34,"column":5}},"line":32},"7":{"name":"(anonymous_7)","decl":{"start":{"line":37,"column":21},"end":{"line":37,"column":22}},"loc":{"start":{"line":37,"column":29},"end":{"line":45,"column":3}},"line":37},"8":{"name":"(anonymous_8)","decl":{"start":{"line":39,"column":10},"end":{"line":39,"column":11}},"loc":{"start":{"line":39,"column":19},"end":{"line":41,"column":5}},"line":39},"9":{"name":"(anonymous_9)","decl":{"start":{"line":42,"column":11},"end":{"line":42,"column":12}},"loc":{"start":{"line":42,"column":20},"end":{"line":44,"column":5}},"line":42},"10":{"name":"(anonymous_10)","decl":{"start":{"line":47,"column":12},"end":{"line":47,"column":13}},"loc":{"start":{"line":47,"column":18},"end":{"line":51,"column":3}},"line":47}},"branchMap":{"0":{"loc":{"start":{"line":17,"column":8},"end":{"line":19,"column":9}},"type":"if","locations":[{"start":{"line":17,"column":8},"end":{"line":19,"column":9}},{"start":{},"end":{}}],"line":17},"1":{"loc":{"start":{"line":58,"column":13},"end":{"line":58,"column":76}},"type":"cond-expr","locations":[{"start":{"line":58,"column":35},"end":{"line":58,"column":71}},{"start":{"line":58,"column":74},"end":{"line":58,"column":76}}],"line":58},"2":{"loc":{"start":{"line":59,"column":13},"end":{"line":59,"column":36}},"type":"binary-expr","locations":[{"start":{"line":59,"column":13},"end":{"line":59,"column":30}},{"start":{"line":59,"column":34},"end":{"line":59,"column":36}}],"line":59}},"s":{"0":3,"1":2,"2":2,"3":2,"4":2,"5":2,"6":1,"7":1,"8":1,"9":1,"10":1,"11":0,"12":2,"13":1,"14":1,"15":0,"16":2,"17":1,"18":1,"19":0,"20":2,"21":1,"22":1,"23":1,"24":2},"f":{"0":2,"1":1,"2":1,"3":0,"4":1,"5":1,"6":0,"7":1,"8":1,"9":0,"10":1},"b":{"0":[1,0],"1":[1,1],"2":[2,1]},"_coverageSchema":"1a1c01bbd47fc00a2c39e90264f33305004495a9","hash":"e747ca7b60a42e5a9dc1c823653f4ec6d116dbb3"}
,"/Users/ThanhLy/Desktop/SEI2209/rpp2209-fec-photon/project-atelier/client/src/components/relatedItems/Carousel.jsx": {"path":"/Users/ThanhLy/Desktop/SEI2209/rpp2209-fec-photon/project-atelier/client/src/components/relatedItems/Carousel.jsx","statementMap":{"0":{"start":{"line":3,"column":17},"end":{"line":43,"column":1}},"1":{"start":{"line":5,"column":42},"end":{"line":5,"column":53}},"2":{"start":{"line":6,"column":30},"end":{"line":6,"column":41}},"3":{"start":{"line":7,"column":21},"end":{"line":7,"column":26}},"4":{"start":{"line":9,"column":15},"end":{"line":13,"column":3}},"5":{"start":{"line":10,"column":4},"end":{"line":12,"column":5}},"6":{"start":{"line":11,"column":6},"end":{"line":11,"column":40}},"7":{"start":{"line":15,"column":15},"end":{"line":19,"column":3}},"8":{"start":{"line":16,"column":4},"end":{"line":18,"column":5}},"9":{"start":{"line":17,"column":6},"end":{"line":17,"column":40}},"10":{"start":{"line":21,"column":2},"end":{"line":42,"column":3}},"11":{"start":{"line":30,"column":10},"end":{"line":32,"column":11}},"12":{"start":{"line":31,"column":12},"end":{"line":31,"column":25}}},"fnMap":{"0":{"name":"(anonymous_0)","decl":{"start":{"line":3,"column":17},"end":{"line":3,"column":18}},"loc":{"start":{"line":3,"column":28},"end":{"line":43,"column":1}},"line":3},"1":{"name":"(anonymous_1)","decl":{"start":{"line":9,"column":15},"end":{"line":9,"column":16}},"loc":{"start":{"line":9,"column":21},"end":{"line":13,"column":3}},"line":9},"2":{"name":"(anonymous_2)","decl":{"start":{"line":15,"column":15},"end":{"line":15,"column":16}},"loc":{"start":{"line":15,"column":21},"end":{"line":19,"column":3}},"line":15},"3":{"name":"(anonymous_3)","decl":{"start":{"line":29,"column":22},"end":{"line":29,"column":23}},"loc":{"start":{"line":29,"column":40},"end":{"line":33,"column":9}},"line":29}},"branchMap":{"0":{"loc":{"start":{"line":10,"column":4},"end":{"line":12,"column":5}},"type":"if","locations":[{"start":{"line":10,"column":4},"end":{"line":12,"column":5}},{"start":{},"end":{}}],"line":10},"1":{"loc":{"start":{"line":16,"column":4},"end":{"line":18,"column":5}},"type":"if","locations":[{"start":{"line":16,"column":4},"end":{"line":18,"column":5}},{"start":{},"end":{}}],"line":16},"2":{"loc":{"start":{"line":23,"column":8},"end":{"line":26,"column":17}},"type":"binary-expr","locations":[{"start":{"line":23,"column":8},"end":{"line":23,"column":24}},{"start":{"line":24,"column":8},"end":{"line":26,"column":17}}],"line":23},"3":{"loc":{"start":{"line":30,"column":10},"end":{"line":32,"column":11}},"type":"if","locations":[{"start":{"line":30,"column":10},"end":{"line":32,"column":11}},{"start":{},"end":{}}],"line":30},"4":{"loc":{"start":{"line":30,"column":14},"end":{"line":30,"column":68}},"type":"binary-expr","locations":[{"start":{"line":30,"column":14},"end":{"line":30,"column":35}},{"start":{"line":30,"column":39},"end":{"line":30,"column":68}}],"line":30},"5":{"loc":{"start":{"line":35,"column":8},"end":{"line":38,"column":17}},"type":"binary-expr","locations":[{"start":{"line":35,"column":8},"end":{"line":35,"column":47}},{"start":{"line":36,"column":8},"end":{"line":38,"column":17}}],"line":35}},"s":{"0":2,"1":1,"2":1,"3":1,"4":1,"5":0,"6":0,"7":1,"8":0,"9":0,"10":1,"11":0,"12":0},"f":{"0":1,"1":0,"2":0,"3":0},"b":{"0":[0,0],"1":[0,0],"2":[1,0],"3":[0,0],"4":[0,0],"5":[1,0]},"_coverageSchema":"1a1c01bbd47fc00a2c39e90264f33305004495a9","hash":"5349ae81ece76e4ad1194c31304d8752a786e710"}
,"/Users/ThanhLy/Desktop/SEI2209/rpp2209-fec-photon/project-atelier/client/src/components/relatedItems/RelatedProducts.jsx": {"path":"/Users/ThanhLy/Desktop/SEI2209/rpp2209-fec-photon/project-atelier/client/src/components/relatedItems/RelatedProducts.jsx","statementMap":{"0":{"start":{"line":7,"column":24},"end":{"line":36,"column":1}},"1":{"start":{"line":10,"column":2},"end":{"line":10,"column":39}},"2":{"start":{"line":12,"column":52},"end":{"line":12,"column":64}},"3":{"start":{"line":14,"column":31},"end":{"line":22,"column":3}},"4":{"start":{"line":15,"column":4},"end":{"line":21,"column":6}},"5":{"start":{"line":17,"column":6},"end":{"line":17,"column":37}},"6":{"start":{"line":20,"column":6},"end":{"line":20,"column":25}},"7":{"start":{"line":24,"column":2},"end":{"line":26,"column":9}},"8":{"start":{"line":25,"column":4},"end":{"line":25,"column":36}},"9":{"start":{"line":28,"column":2},"end":{"line":35,"column":4}},"10":{"start":{"line":32,"column":46},"end":{"line":32,"column":92}}},"fnMap":{"0":{"name":"(anonymous_0)","decl":{"start":{"line":7,"column":24},"end":{"line":7,"column":25}},"loc":{"start":{"line":7,"column":41},"end":{"line":36,"column":1}},"line":7},"1":{"name":"(anonymous_1)","decl":{"start":{"line":14,"column":31},"end":{"line":14,"column":32}},"loc":{"start":{"line":14,"column":39},"end":{"line":22,"column":3}},"line":14},"2":{"name":"(anonymous_2)","decl":{"start":{"line":16,"column":10},"end":{"line":16,"column":11}},"loc":{"start":{"line":16,"column":19},"end":{"line":18,"column":5}},"line":16},"3":{"name":"(anonymous_3)","decl":{"start":{"line":19,"column":11},"end":{"line":19,"column":12}},"loc":{"start":{"line":19,"column":20},"end":{"line":21,"column":5}},"line":19},"4":{"name":"(anonymous_4)","decl":{"start":{"line":24,"column":12},"end":{"line":24,"column":13}},"loc":{"start":{"line":24,"column":18},"end":{"line":26,"column":3}},"line":24},"5":{"name":"(anonymous_5)","decl":{"start":{"line":32,"column":31},"end":{"line":32,"column":32}},"loc":{"start":{"line":32,"column":46},"end":{"line":32,"column":92}},"line":32}},"branchMap":{"0":{"loc":{"start":{"line":10,"column":2},"end":{"line":10,"column":38}},"type":"cond-expr","locations":[{"start":{"line":10,"column":14},"end":{"line":10,"column":18}},{"start":{"line":10,"column":21},"end":{"line":10,"column":38}}],"line":10}},"s":{"0":2,"1":1,"2":1,"3":1,"4":1,"5":1,"6":0,"7":1,"8":1,"9":1,"10":0},"f":{"0":1,"1":1,"2":1,"3":0,"4":1,"5":0},"b":{"0":[1,0]},"_coverageSchema":"1a1c01bbd47fc00a2c39e90264f33305004495a9","hash":"fc5a9c1ee0660e56d1f8302f282d822cb6481826"}
,"/Users/ThanhLy/Desktop/SEI2209/rpp2209-fec-photon/project-atelier/client/src/components/relatedItems/YourOutfit.jsx": {"path":"/Users/ThanhLy/Desktop/SEI2209/rpp2209-fec-photon/project-atelier/client/src/components/relatedItems/YourOutfit.jsx","statementMap":{"0":{"start":{"line":4,"column":12},"end":{"line":4,"column":34}},"1":{"start":{"line":6,"column":19},"end":{"line":21,"column":1}},"2":{"start":{"line":8,"column":28},"end":{"line":8,"column":40}},"3":{"start":{"line":12,"column":2},"end":{"line":20,"column":4}},"4":{"start":{"line":17,"column":36},"end":{"line":17,"column":68}}},"fnMap":{"0":{"name":"(anonymous_0)","decl":{"start":{"line":6,"column":19},"end":{"line":6,"column":20}},"loc":{"start":{"line":6,"column":30},"end":{"line":21,"column":1}},"line":6},"1":{"name":"(anonymous_1)","decl":{"start":{"line":17,"column":19},"end":{"line":17,"column":20}},"loc":{"start":{"line":17,"column":36},"end":{"line":17,"column":68}},"line":17}},"branchMap":{},"s":{"0":1,"1":1,"2":1,"3":1,"4":0},"f":{"0":1,"1":0},"b":{},"_coverageSchema":"1a1c01bbd47fc00a2c39e90264f33305004495a9","hash":"df9462079c7d9d07ccd2ae12789127ea3c33a0f1"}
}
