TN:
SF:client/helpers/helpers.js
FN:23,(anonymous_0)
FN:25,(anonymous_1)
FN:46,(anonymous_2)
FN:48,(anonymous_3)
FN:67,(anonymous_4)
FN:69,(anonymous_5)
FN:88,(anonymous_6)
FN:90,(anonymous_7)
FN:113,(anonymous_8)
FN:115,(anonymous_9)
FN:133,(anonymous_10)
FN:135,(anonymous_11)
FN:167,(anonymous_12)
FN:169,(anonymous_13)
FN:181,(anonymous_14)
FN:183,(anonymous_15)
FN:199,(anonymous_16)
FN:201,(anonymous_17)
FN:220,(anonymous_18)
FN:222,(anonymous_19)
FN:237,(anonymous_20)
FN:239,(anonymous_21)
FN:262,(anonymous_22)
FN:264,(anonymous_23)
FN:288,(anonymous_24)
FN:290,(anonymous_25)
FN:305,(anonymous_26)
FN:307,(anonymous_27)
FN:322,(anonymous_28)
FN:324,(anonymous_29)
FN:339,(anonymous_30)
FN:341,(anonymous_31)
FN:356,(anonymous_32)
FN:358,(anonymous_33)
FNF:34
FNH:8
FNDA:0,(anonymous_0)
FNDA:0,(anonymous_1)
FNDA:7,(anonymous_2)
FNDA:7,(anonymous_3)
FNDA:7,(anonymous_4)
FNDA:7,(anonymous_5)
FNDA:1,(anonymous_6)
FNDA:1,(anonymous_7)
FNDA:0,(anonymous_8)
FNDA:0,(anonymous_9)
FNDA:7,(anonymous_10)
FNDA:7,(anonymous_11)
FNDA:0,(anonymous_12)
FNDA:0,(anonymous_13)
FNDA:0,(anonymous_14)
FNDA:0,(anonymous_15)
FNDA:0,(anonymous_16)
FNDA:0,(anonymous_17)
FNDA:0,(anonymous_18)
FNDA:0,(anonymous_19)
FNDA:0,(anonymous_20)
FNDA:0,(anonymous_21)
FNDA:0,(anonymous_22)
FNDA:0,(anonymous_23)
FNDA:0,(anonymous_24)
FNDA:0,(anonymous_25)
FNDA:0,(anonymous_26)
FNDA:0,(anonymous_27)
FNDA:0,(anonymous_28)
FNDA:0,(anonymous_29)
FNDA:0,(anonymous_30)
FNDA:0,(anonymous_31)
FNDA:0,(anonymous_32)
FNDA:0,(anonymous_33)
DA:1,3
DA:3,3
DA:4,3
DA:23,3
DA:25,0
DA:27,0
DA:28,0
DA:30,0
DA:31,0
DA:35,0
DA:38,0
DA:46,3
DA:48,7
DA:50,7
DA:51,0
DA:56,7
DA:59,7
DA:67,3
DA:69,7
DA:71,7
DA:72,0
DA:77,7
DA:80,7
DA:88,3
DA:90,1
DA:92,1
DA:93,0
DA:98,1
DA:101,1
DA:113,3
DA:115,0
DA:117,0
DA:118,0
DA:123,0
DA:126,0
DA:133,3
DA:135,7
DA:137,7
DA:138,0
DA:143,7
DA:146,7
DA:167,3
DA:169,0
DA:171,0
DA:174,0
DA:181,3
DA:183,0
DA:184,0
DA:185,0
DA:188,0
DA:191,0
DA:199,3
DA:201,0
DA:202,0
DA:203,0
DA:206,0
DA:209,0
DA:220,3
DA:222,0
DA:223,0
DA:224,0
DA:227,0
DA:230,0
DA:237,3
DA:239,0
DA:240,0
DA:241,0
DA:244,0
DA:247,0
DA:262,3
DA:264,0
DA:265,0
DA:266,0
DA:269,0
DA:272,0
DA:288,3
DA:290,0
DA:291,0
DA:292,0
DA:295,0
DA:298,0
DA:305,3
DA:307,0
DA:308,0
DA:309,0
DA:312,0
DA:315,0
DA:322,3
DA:324,0
DA:325,0
DA:326,0
DA:329,0
DA:332,0
DA:339,3
DA:341,0
DA:342,0
DA:343,0
DA:346,0
DA:349,0
DA:356,3
DA:358,0
DA:359,0
DA:360,0
DA:363,0
DA:366,0
DA:374,3
LF:106
LH:37
BRDA:27,0,0,0
BRDA:27,0,1,0
BRDA:30,1,0,0
BRDA:30,1,1,0
BRDA:50,2,0,0
BRDA:50,2,1,7
BRDA:71,3,0,0
BRDA:71,3,1,7
BRDA:92,4,0,0
BRDA:92,4,1,1
BRDA:117,5,0,0
BRDA:117,5,1,0
BRDA:137,6,0,0
BRDA:137,6,1,7
BRDA:184,7,0,0
BRDA:184,7,1,0
BRDA:202,8,0,0
BRDA:202,8,1,0
BRDA:220,9,0,0
BRDA:220,10,0,0
BRDA:223,11,0,0
BRDA:223,11,1,0
BRDA:240,12,0,0
BRDA:240,12,1,0
BRDA:265,13,0,0
BRDA:265,13,1,0
BRDA:291,14,0,0
BRDA:291,14,1,0
BRDA:308,15,0,0
BRDA:308,15,1,0
BRDA:325,16,0,0
BRDA:325,16,1,0
BRDA:342,17,0,0
BRDA:342,17,1,0
BRDA:359,18,0,0
BRDA:359,18,1,0
BRF:36
BRH:4
end_of_record
TN:
SF:client/src/RatingsAndReviews/components/miniComponents/PrintStar.jsx
FN:3,PrintStar
FNF:1
FNH:1
FNDA:25,PrintStar
DA:5,25
DA:6,10
DA:9,15
DA:10,0
DA:13,15
DA:14,5
DA:17,10
DA:18,0
DA:21,10
DA:22,10
LF:10
LH:8
BRDA:5,0,0,10
BRDA:5,0,1,15
BRDA:9,1,0,0
BRDA:9,1,1,15
BRDA:13,2,0,5
BRDA:13,2,1,10
BRDA:17,3,0,0
BRDA:17,3,1,10
BRDA:21,4,0,10
BRDA:21,4,1,0
BRF:10
BRH:7
end_of_record
TN:
SF:client/src/RatingsAndReviews/components/miniComponents/StarRating.jsx
FN:4,StarRating
FN:6,(anonymous_1)
FN:29,(anonymous_2)
FNF:3
FNH:3
FNDA:5,StarRating
FNDA:5,(anonymous_1)
FNDA:25,(anonymous_2)
DA:6,5
DA:7,5
DA:9,5
DA:10,10
DA:13,5
DA:14,5
DA:15,0
DA:16,5
DA:17,5
DA:18,0
DA:19,0
DA:23,5
DA:27,5
DA:30,25
LF:14
LH:11
BRDA:13,0,0,5
BRDA:13,0,1,0
BRDA:14,1,0,0
BRDA:14,1,1,5
BRDA:16,2,0,5
BRDA:16,2,1,0
BRDA:18,3,0,0
BRDA:18,3,1,0
BRF:8
BRH:3
end_of_record
TN:
SF:client/src/components/relatedItems/Card.jsx
FN:8,(anonymous_0)
FN:17,(anonymous_1)
FN:19,(anonymous_2)
FN:29,(anonymous_3)
FN:34,(anonymous_4)
FN:36,(anonymous_5)
FN:39,(anonymous_6)
FN:44,(anonymous_7)
FN:46,(anonymous_8)
FN:49,(anonymous_9)
FN:54,(anonymous_10)
FNF:11
FNH:8
FNDA:12,(anonymous_0)
FNDA:7,(anonymous_1)
FNDA:7,(anonymous_2)
FNDA:0,(anonymous_3)
FNDA:7,(anonymous_4)
FNDA:7,(anonymous_5)
FNDA:0,(anonymous_6)
FNDA:7,(anonymous_7)
FNDA:7,(anonymous_8)
FNDA:0,(anonymous_9)
FNDA:7,(anonymous_10)
DA:8,3
DA:10,12
DA:12,12
DA:13,12
DA:14,12
DA:17,12
DA:18,7
DA:20,7
DA:21,7
DA:22,7
DA:23,7
DA:24,7
DA:27,0
DA:30,0
DA:34,12
DA:35,7
DA:37,7
DA:40,0
DA:44,12
DA:45,7
DA:47,7
DA:50,0
DA:54,12
DA:55,7
DA:56,7
DA:57,7
DA:60,12
LF:27
LH:23
BRDA:22,0,0,7
BRDA:22,0,1,0
BRDA:67,1,0,5
BRDA:67,1,1,7
BRF:4
BRH:3
end_of_record
TN:
SF:client/src/components/relatedItems/Carousel.jsx
FN:3,(anonymous_0)
FN:9,(anonymous_1)
FN:15,(anonymous_2)
FN:29,(anonymous_3)
FNF:4
FNH:0
FNDA:0,(anonymous_0)
FNDA:0,(anonymous_1)
FNDA:0,(anonymous_2)
FNDA:0,(anonymous_3)
DA:3,2
DA:5,0
DA:6,0
DA:7,0
DA:9,0
DA:10,0
DA:11,0
DA:15,0
DA:16,0
DA:17,0
DA:21,0
DA:30,0
DA:31,0
LF:13
LH:1
BRDA:10,0,0,0
BRDA:10,0,1,0
BRDA:16,1,0,0
BRDA:16,1,1,0
BRDA:23,2,0,0
BRDA:23,2,1,0
BRDA:30,3,0,0
BRDA:30,3,1,0
BRDA:30,4,0,0
BRDA:30,4,1,0
BRDA:35,5,0,0
BRDA:35,5,1,0
BRF:12
BRH:0
end_of_record
TN:
SF:client/src/components/relatedItems/RelatedProducts.jsx
FN:7,(anonymous_0)
FN:14,(anonymous_1)
FN:16,(anonymous_2)
FN:19,(anonymous_3)
FN:24,(anonymous_4)
FN:32,(anonymous_5)
FNF:6
FNH:4
FNDA:1,(anonymous_0)
FNDA:1,(anonymous_1)
FNDA:1,(anonymous_2)
FNDA:0,(anonymous_3)
FNDA:1,(anonymous_4)
FNDA:0,(anonymous_5)
DA:7,2
DA:10,1
DA:12,1
DA:14,1
DA:15,1
DA:17,1
DA:20,0
DA:24,1
DA:25,1
DA:28,1
DA:32,0
LF:11
LH:9
BRDA:10,0,0,1
BRDA:10,0,1,0
BRF:2
BRH:1
end_of_record
TN:
SF:client/src/components/relatedItems/YourOutfit.jsx
FN:6,(anonymous_0)
FN:17,(anonymous_1)
FNF:2
FNH:1
FNDA:1,(anonymous_0)
FNDA:0,(anonymous_1)
DA:6,1
DA:8,1
DA:12,1
DA:17,0
LF:4
LH:3
BRF:0
BRH:0
end_of_record
TN:
SF:client/src/components/relatedItems/subComponents/CardButton.jsx
FN:5,(anonymous_0)
FN:9,(anonymous_1)
FN:13,(anonymous_2)
FNF:3
FNH:1
FNDA:12,(anonymous_0)
FNDA:0,(anonymous_1)
FNDA:0,(anonymous_2)
DA:5,3
DA:7,12
DA:9,12
DA:10,0
DA:13,12
DA:14,0
DA:17,12
DA:18,11
DA:22,1
LF:9
LH:7
BRDA:7,0,0,10
BRDA:17,1,0,11
BRDA:17,1,1,1
BRF:3
BRH:3
end_of_record
TN:
SF:client/src/components/relatedItems/subComponents/PlusCard.jsx
FN:4,(anonymous_0)
FNF:1
FNH:1
FNDA:1,(anonymous_0)
DA:2,1
DA:4,1
DA:5,1
LF:3
LH:3
BRF:0
BRH:0
end_of_record
TN:
SF:client/src/components/relatedItems/subComponents/Preview.jsx
FN:3,(anonymous_0)
FNF:1
FNH:1
FNDA:12,(anonymous_0)
DA:3,3
DA:5,12
DA:6,12
DA:8,12
DA:9,5
DA:12,12
LF:6
LH:6
BRDA:8,0,0,5
BRDA:8,0,1,7
BRDA:9,1,0,5
BRDA:9,1,1,0
BRDA:15,2,0,12
BRDA:15,2,1,7
BRF:6
BRH:5
end_of_record
TN:
SF:client/src/components/relatedItems/subComponents/Price.jsx
FN:3,(anonymous_0)
FNF:1
FNH:1
FNDA:12,(anonymous_0)
DA:3,3
DA:4,12
DA:6,12
DA:7,3
DA:14,9
LF:5
LH:5
BRDA:6,0,0,3
BRDA:6,0,1,9
BRF:2
BRH:2
end_of_record
TN:
SF:client/src/components/relatedItems/subComponents/Rating.jsx
FN:4,(anonymous_0)
FNF:1
FNH:1
FNDA:5,(anonymous_0)
DA:4,3
DA:6,5
DA:7,5
DA:8,5
DA:9,25
DA:10,25
DA:13,5
DA:15,5
LF:8
LH:8
BRF:0
BRH:0
end_of_record
