TN:
SF:client/helpers/helpers.js
FN:23,(anonymous_0)
FN:25,(anonymous_1)
FN:46,(anonymous_2)
FN:48,(anonymous_3)
FN:67,(anonymous_4)
FN:69,(anonymous_5)
FN:88,(anonymous_6)
FN:90,(anonymous_7)
FN:113,(anonymous_8)
FN:115,(anonymous_9)
FN:133,(anonymous_10)
FN:135,(anonymous_11)
FN:167,(anonymous_12)
FN:169,(anonymous_13)
FN:181,(anonymous_14)
FN:183,(anonymous_15)
FN:199,(anonymous_16)
FN:201,(anonymous_17)
FN:220,(anonymous_18)
FN:222,(anonymous_19)
FN:237,(anonymous_20)
FN:239,(anonymous_21)
FN:262,(anonymous_22)
FN:264,(anonymous_23)
FN:288,(anonymous_24)
FN:290,(anonymous_25)
FN:305,(anonymous_26)
FN:307,(anonymous_27)
FN:322,(anonymous_28)
FN:324,(anonymous_29)
FN:339,(anonymous_30)
FN:341,(anonymous_31)
FN:356,(anonymous_32)
FN:358,(anonymous_33)
FNF:34
FNH:16
FNDA:2,(anonymous_0)
FNDA:2,(anonymous_1)
FNDA:4,(anonymous_2)
FNDA:4,(anonymous_3)
FNDA:2,(anonymous_4)
FNDA:2,(anonymous_5)
FNDA:2,(anonymous_6)
FNDA:2,(anonymous_7)
FNDA:2,(anonymous_8)
FNDA:2,(anonymous_9)
FNDA:3,(anonymous_10)
FNDA:3,(anonymous_11)
FNDA:0,(anonymous_12)
FNDA:0,(anonymous_13)
FNDA:0,(anonymous_14)
FNDA:0,(anonymous_15)
FNDA:0,(anonymous_16)
FNDA:0,(anonymous_17)
FNDA:2,(anonymous_18)
FNDA:2,(anonymous_19)
FNDA:1,(anonymous_20)
FNDA:1,(anonymous_21)
FNDA:0,(anonymous_22)
FNDA:0,(anonymous_23)
FNDA:0,(anonymous_24)
FNDA:0,(anonymous_25)
FNDA:0,(anonymous_26)
FNDA:0,(anonymous_27)
FNDA:0,(anonymous_28)
FNDA:0,(anonymous_29)
FNDA:0,(anonymous_30)
FNDA:0,(anonymous_31)
FNDA:0,(anonymous_32)
FNDA:0,(anonymous_33)
DA:1,6
DA:3,6
DA:4,6
DA:23,6
DA:25,2
DA:27,2
DA:28,1
DA:30,2
DA:31,1
DA:35,2
DA:38,2
DA:46,6
DA:48,4
DA:50,4
DA:51,1
DA:56,3
DA:59,3
DA:67,6
DA:69,2
DA:71,2
DA:72,0
DA:77,2
DA:80,2
DA:88,6
DA:90,2
DA:92,2
DA:93,0
DA:98,2
DA:101,2
DA:113,6
DA:115,2
DA:117,2
DA:118,1
DA:123,1
DA:126,1
DA:133,6
DA:135,3
DA:137,3
DA:138,0
DA:143,3
DA:146,3
DA:167,6
DA:169,0
DA:171,0
DA:174,0
DA:181,6
DA:183,0
DA:184,0
DA:185,0
DA:188,0
DA:191,0
DA:199,6
DA:201,0
DA:202,0
DA:203,0
DA:206,0
DA:209,0
DA:220,6
DA:222,2
DA:223,2
DA:224,1
DA:227,1
DA:230,1
DA:237,6
DA:239,1
DA:240,1
DA:241,0
DA:244,1
DA:247,1
DA:262,6
DA:264,0
DA:265,0
DA:266,0
DA:269,0
DA:272,0
DA:288,6
DA:290,0
DA:291,0
DA:292,0
DA:295,0
DA:298,0
DA:305,6
DA:307,0
DA:308,0
DA:309,0
DA:312,0
DA:315,0
DA:322,6
DA:324,0
DA:325,0
DA:326,0
DA:329,0
DA:332,0
DA:339,6
DA:341,0
DA:342,0
DA:343,0
DA:346,0
DA:349,0
DA:356,6
DA:358,0
DA:359,0
DA:360,0
DA:363,0
DA:366,0
DA:374,6
LF:106
LH:59
BRDA:27,0,0,1
BRDA:27,0,1,1
BRDA:30,1,0,1
BRDA:30,1,1,1
BRDA:50,2,0,1
BRDA:50,2,1,3
BRDA:71,3,0,0
BRDA:71,3,1,2
BRDA:92,4,0,0
BRDA:92,4,1,2
BRDA:117,5,0,1
BRDA:117,5,1,1
BRDA:137,6,0,0
BRDA:137,6,1,3
BRDA:184,7,0,0
BRDA:184,7,1,0
BRDA:202,8,0,0
BRDA:202,8,1,0
BRDA:220,9,0,1
BRDA:220,10,0,1
BRDA:223,11,0,1
BRDA:223,11,1,1
BRDA:240,12,0,0
BRDA:240,12,1,1
BRDA:265,13,0,0
BRDA:265,13,1,0
BRDA:291,14,0,0
BRDA:291,14,1,0
BRDA:308,15,0,0
BRDA:308,15,1,0
BRDA:325,16,0,0
BRDA:325,16,1,0
BRDA:342,17,0,0
BRDA:342,17,1,0
BRDA:359,18,0,0
BRDA:359,18,1,0
BRF:36
BRH:16
end_of_record
TN:
SF:client/src/RatingsAndReviews/RatingsAndReviews.jsx
FN:83,RatingsAndReviews
FN:85,(anonymous_1)
FN:99,(anonymous_2)
FN:111,(anonymous_3)
FNF:4
FNH:2
FNDA:1,RatingsAndReviews
FNDA:0,(anonymous_1)
FNDA:5,(anonymous_2)
FNDA:0,(anonymous_3)
DA:9,1
DA:85,1
DA:86,0
DA:89,1
DA:90,1
DA:91,1
DA:101,5
DA:102,2
DA:111,0
LF:9
LH:7
BRDA:101,0,0,2
BRDA:101,0,1,3
BRF:2
BRH:2
end_of_record
TN:
SF:client/src/RatingsAndReviews/components/NewReviewWindow.jsx
FN:3,NewReviewWindow
FN:13,(anonymous_1)
FNF:2
FNH:1
FNDA:1,NewReviewWindow
FNDA:0,(anonymous_1)
DA:5,1
DA:7,0
DA:13,0
LF:3
LH:1
BRDA:5,0,0,0
BRDA:5,0,1,1
BRF:2
BRH:1
end_of_record
TN:
SF:client/src/RatingsAndReviews/components/ReviewTile.jsx
FN:7,ReviewTile
FNF:1
FNH:1
FNDA:2,ReviewTile
DA:9,2
LF:1
LH:1
BRF:0
BRH:0
end_of_record
TN:
SF:client/src/RatingsAndReviews/components/SortReviews.jsx
FN:3,SortReviews
FNF:1
FNH:1
FNDA:1,SortReviews
DA:4,1
LF:1
LH:1
BRF:0
BRH:0
end_of_record
TN:
SF:client/src/RatingsAndReviews/components/miniComponents/ReviewDate.jsx
FN:3,ReviewDate
FNF:1
FNH:1
FNDA:2,ReviewDate
DA:5,2
DA:6,2
DA:7,2
DA:8,2
DA:9,2
LF:5
LH:5
BRF:0
BRH:0
end_of_record
TN:
SF:client/src/RatingsAndReviews/components/miniComponents/ReviewImages.jsx
FN:3,ReviewImages
FN:8,(anonymous_1)
FNF:2
FNH:1
FNDA:2,ReviewImages
FNDA:0,(anonymous_1)
DA:4,2
DA:9,0
LF:2
LH:1
BRF:0
BRH:0
end_of_record
TN:
SF:client/src/components/overview/AddtoCart.jsx
FN:5,(anonymous_0)
FN:13,(anonymous_1)
FN:29,(anonymous_2)
FN:36,(anonymous_3)
FN:39,(anonymous_4)
FN:42,(anonymous_5)
FN:46,(anonymous_6)
FNF:7
FNH:3
FNDA:1,(anonymous_0)
FNDA:0,(anonymous_1)
FNDA:0,(anonymous_2)
FNDA:0,(anonymous_3)
FNDA:1,(anonymous_4)
FNDA:2,(anonymous_5)
FNDA:0,(anonymous_6)
DA:6,1
DA:7,1
DA:13,1
DA:14,0
DA:15,0
DA:16,0
DA:17,0
DA:18,0
DA:20,0
DA:23,0
DA:29,1
DA:30,0
DA:36,1
DA:37,0
DA:40,1
DA:43,2
DA:47,0
LF:17
LH:7
BRDA:16,0,0,0
BRDA:16,0,1,0
BRDA:45,1,0,1
BRDA:45,1,1,0
BRF:4
BRH:1
end_of_record
TN:
SF:client/src/components/overview/ImageGallery.jsx
FN:4,(anonymous_0)
FN:11,(anonymous_1)
FN:19,(anonymous_2)
FN:25,(anonymous_3)
FN:27,(anonymous_4)
FNF:5
FNH:2
FNDA:1,(anonymous_0)
FNDA:0,(anonymous_1)
FNDA:0,(anonymous_2)
FNDA:1,(anonymous_3)
FNDA:0,(anonymous_4)
DA:5,1
DA:6,1
DA:12,0
DA:13,0
DA:19,1
DA:20,0
DA:26,1
DA:28,0
LF:8
LH:4
BRDA:12,0,0,0
BRDA:12,0,1,0
BRF:2
BRH:0
end_of_record
TN:
SF:client/src/components/overview/ProductInfo.jsx
FN:4,(anonymous_0)
FN:14,(anonymous_1)
FN:15,(anonymous_2)
FN:31,(anonymous_3)
FN:37,(anonymous_4)
FN:40,(anonymous_5)
FN:43,(anonymous_6)
FNF:7
FNH:3
FNDA:1,(anonymous_0)
FNDA:1,(anonymous_1)
FNDA:0,(anonymous_2)
FNDA:0,(anonymous_3)
FNDA:0,(anonymous_4)
FNDA:0,(anonymous_5)
FNDA:1,(anonymous_6)
DA:5,1
DA:6,1
DA:15,1
DA:16,0
DA:17,0
DA:18,0
DA:19,0
DA:20,0
DA:21,0
DA:23,0
DA:24,0
DA:31,1
DA:32,0
DA:37,1
DA:38,0
DA:40,1
DA:41,0
DA:44,1
LF:18
LH:7
BRDA:17,0,0,0
BRDA:17,0,1,0
BRDA:45,1,0,0
BRDA:45,1,1,1
BRDA:51,2,0,1
BRDA:51,2,1,0
BRF:6
BRH:2
end_of_record
TN:
SF:client/src/components/overview/Skuscontrol.jsx
FN:4,(anonymous_0)
FN:8,(anonymous_1)
FN:12,(anonymous_2)
FNF:3
FNH:2
FNDA:2,(anonymous_0)
FNDA:0,(anonymous_1)
FNDA:2,(anonymous_2)
DA:5,2
DA:8,2
DA:9,0
DA:13,2
LF:4
LH:3
BRF:0
BRH:0
end_of_record
TN:
SF:client/src/components/overview/Style.jsx
FN:4,(anonymous_0)
FN:10,(anonymous_1)
FN:15,(anonymous_2)
FNF:3
FNH:2
FNDA:2,(anonymous_0)
FNDA:0,(anonymous_1)
FNDA:2,(anonymous_2)
DA:5,2
DA:6,2
DA:10,2
DA:11,0
DA:12,0
DA:16,2
LF:6
LH:4
BRF:0
BRH:0
end_of_record
TN:
SF:client/src/components/overview/Styleselector.jsx
FN:5,(anonymous_0)
FN:10,(anonymous_1)
FN:13,(anonymous_2)
FNF:3
FNH:3
FNDA:1,(anonymous_0)
FNDA:1,(anonymous_1)
FNDA:1,(anonymous_2)
DA:6,1
DA:11,1
DA:14,1
LF:3
LH:3
BRF:0
BRH:0
end_of_record
TN:
SF:client/src/components/relatedItems/Card.jsx
FN:4,(anonymous_0)
FN:12,(anonymous_1)
FN:14,(anonymous_2)
FN:22,(anonymous_3)
FN:27,(anonymous_4)
FN:29,(anonymous_5)
FN:32,(anonymous_6)
FN:37,(anonymous_7)
FN:39,(anonymous_8)
FN:42,(anonymous_9)
FN:47,(anonymous_10)
FNF:11
FNH:8
FNDA:2,(anonymous_0)
FNDA:1,(anonymous_1)
FNDA:1,(anonymous_2)
FNDA:0,(anonymous_3)
FNDA:1,(anonymous_4)
FNDA:1,(anonymous_5)
FNDA:0,(anonymous_6)
FNDA:1,(anonymous_7)
FNDA:1,(anonymous_8)
FNDA:0,(anonymous_9)
FNDA:1,(anonymous_10)
DA:4,3
DA:6,2
DA:8,2
DA:9,2
DA:10,2
DA:12,2
DA:13,1
DA:15,1
DA:16,1
DA:17,1
DA:18,1
DA:23,0
DA:27,2
DA:28,1
DA:30,1
DA:33,0
DA:37,2
DA:38,1
DA:40,1
DA:43,0
DA:47,2
DA:48,1
DA:49,1
DA:50,1
DA:53,2
LF:25
LH:22
BRDA:17,0,0,1
BRDA:17,0,1,0
BRDA:58,1,0,1
BRDA:58,1,1,1
BRDA:59,2,0,2
BRDA:59,2,1,1
BRF:6
BRH:5
end_of_record
TN:
SF:client/src/components/relatedItems/Carousel.jsx
FN:3,(anonymous_0)
FN:9,(anonymous_1)
FN:15,(anonymous_2)
FN:29,(anonymous_3)
FNF:4
FNH:1
FNDA:1,(anonymous_0)
FNDA:0,(anonymous_1)
FNDA:0,(anonymous_2)
FNDA:0,(anonymous_3)
DA:3,2
DA:5,1
DA:6,1
DA:7,1
DA:9,1
DA:10,0
DA:11,0
DA:15,1
DA:16,0
DA:17,0
DA:21,1
DA:30,0
DA:31,0
LF:13
LH:7
BRDA:10,0,0,0
BRDA:10,0,1,0
BRDA:16,1,0,0
BRDA:16,1,1,0
BRDA:23,2,0,1
BRDA:23,2,1,0
BRDA:30,3,0,0
BRDA:30,3,1,0
BRDA:30,4,0,0
BRDA:30,4,1,0
BRDA:35,5,0,1
BRDA:35,5,1,0
BRF:12
BRH:2
end_of_record
TN:
SF:client/src/components/relatedItems/RelatedProducts.jsx
FN:7,(anonymous_0)
FN:14,(anonymous_1)
FN:16,(anonymous_2)
FN:19,(anonymous_3)
FN:24,(anonymous_4)
FN:32,(anonymous_5)
FNF:6
FNH:4
FNDA:1,(anonymous_0)
FNDA:1,(anonymous_1)
FNDA:1,(anonymous_2)
FNDA:0,(anonymous_3)
FNDA:1,(anonymous_4)
FNDA:0,(anonymous_5)
DA:7,2
DA:10,1
DA:12,1
DA:14,1
DA:15,1
DA:17,1
DA:20,0
DA:24,1
DA:25,1
DA:28,1
DA:32,0
LF:11
LH:9
BRDA:10,0,0,1
BRDA:10,0,1,0
BRF:2
BRH:1
end_of_record
TN:
SF:client/src/components/relatedItems/YourOutfit.jsx
FN:6,(anonymous_0)
FN:17,(anonymous_1)
FNF:2
FNH:1
FNDA:1,(anonymous_0)
FNDA:0,(anonymous_1)
DA:4,1
DA:6,1
DA:8,1
DA:12,1
DA:17,0
LF:5
LH:4
BRF:0
BRH:0
end_of_record
